[0.012s] Invoking command in '/home/prathmesh2931/dhanush_srv/build/dhanush_srv': CMAKE_PREFIX_PATH=${CMAKE_PREFIX_PATH}:/home/prathmesh2931/ey_working/install/ur5_control:/home/prathmesh2931/check_ws/install/ur5_control:/home/prathmesh2931/eyantra_task3/install/ur5_control:/home/prathmesh2931/twin_ws/install/zeus_description:/home/prathmesh2931/twin_ws/install/sim_controller:/home/prathmesh2931/twin_ws/install/shooting_set_description:/opt/ros/humble /usr/bin/cmake /home/prathmesh2931/dhanush_srv -DCMAKE_INSTALL_PREFIX=/home/prathmesh2931/dhanush_srv/install/dhanush_srv
[0.134s] -- The C compiler identification is GNU 11.4.0
[0.229s] -- The CXX compiler identification is GNU 11.4.0
[0.237s] -- Detecting C compiler ABI info
[0.330s] -- Detecting C compiler ABI info - done
[0.340s] -- Check for working C compiler: /usr/bin/cc - skipped
[0.341s] -- Detecting C compile features
[0.342s] -- Detecting C compile features - done
[0.345s] -- Detecting CXX compiler ABI info
[0.430s] -- Detecting CXX compiler ABI info - done
[0.435s] -- Check for working CXX compiler: /usr/bin/c++ - skipped
[0.435s] -- Detecting CXX compile features
[0.436s] -- Detecting CXX compile features - done
[0.450s] -- Found ament_cmake: 1.3.11 (/opt/ros/humble/share/ament_cmake/cmake)
[0.629s] -- Found Python3: /usr/bin/python3 (found version "3.10.12") found components: Interpreter 
[0.749s] -- Found ament_lint_auto: 0.12.11 (/opt/ros/humble/share/ament_lint_auto/cmake)
[0.817s] -- Found rosidl_default_generators: 1.2.0 (/opt/ros/humble/share/rosidl_default_generators/cmake)
[0.826s] -- Using all available rosidl_typesupport_c: rosidl_typesupport_fastrtps_c;rosidl_typesupport_introspection_c
[0.838s] -- Found rosidl_adapter: 3.1.6 (/opt/ros/humble/share/rosidl_adapter/cmake)
[0.892s] -- Using all available rosidl_typesupport_cpp: rosidl_typesupport_fastrtps_cpp;rosidl_typesupport_introspection_cpp
[1.075s] [31mCMake Error at /opt/ros/humble/share/rosidl_adapter/cmake/rosidl_adapt_interfaces.cmake:59 (message):
[1.075s]   execute_process(/usr/bin/python3 -m rosidl_adapter --package-name
[1.075s]   dhanush_srv --arguments-file
[1.075s]   /home/prathmesh2931/dhanush_srv/build/dhanush_srv/rosidl_adapter__arguments__dhanush_srv.json
[1.075s]   --output-dir
[1.075s]   /home/prathmesh2931/dhanush_srv/build/dhanush_srv/rosidl_adapter/dhanush_srv
[1.075s]   --output-file
[1.075s]   /home/prathmesh2931/dhanush_srv/build/dhanush_srv/rosidl_adapter/dhanush_srv.idls)
[1.075s]   returned error code 1:
[1.075s] 
[1.075s]   Traceback (most recent call last):
[1.075s] 
[1.076s]     File "/usr/lib/python3.10/runpy.py", line 196, in _run_module_as_main
[1.076s]       return _run_code(code, main_globals, None,
[1.076s]     File "/usr/lib/python3.10/runpy.py", line 86, in _run_code
[1.076s]       exec(code, run_globals)
[1.076s]     File "/opt/ros/humble/local/lib/python3.10/dist-packages/rosidl_adapter/__main__.py", line 19, in <module>
[1.076s]       sys.exit(main())
[1.076s]     File "/opt/ros/humble/local/lib/python3.10/dist-packages/rosidl_adapter/main.py", line 53, in main
[1.076s]       abs_idl_file = convert_to_idl(
[1.076s]     File "/opt/ros/humble/local/lib/python3.10/dist-packages/rosidl_adapter/__init__.py", line 24, in convert_to_idl
[1.076s]       return convert_srv_to_idl(
[1.076s]     File "/opt/ros/humble/local/lib/python3.10/dist-packages/rosidl_adapter/srv/__init__.py", line 28, in convert_srv_to_idl
[1.076s]       srv = parse_service_string(package_name, input_file.stem, content)
[1.076s]     File "/opt/ros/humble/local/lib/python3.10/dist-packages/rosidl_adapter/parser.py", line 859, in parse_service_string
[1.076s]       request_message = parse_message_string(
[1.077s]     File "/opt/ros/humble/local/lib/python3.10/dist-packages/rosidl_adapter/parser.py", line 544, in parse_message_string
[1.077s]       msg = MessageSpecification(pkg_name, msg_name, fields, constants)
[1.077s]     File "/opt/ros/humble/local/lib/python3.10/dist-packages/rosidl_adapter/parser.py", line 388, in __init__
[1.077s]       self.base_type = BaseType(
[1.077s]     File "/opt/ros/humble/local/lib/python3.10/dist-packages/rosidl_adapter/parser.py", line 205, in __init__
[1.077s]       raise InvalidResourceName(
[1.077s] 
[1.077s]   rosidl_adapter.parser.InvalidResourceName: 'speedangle_Request' is an
[1.077s]   invalid message name.  It should have the pattern '^[A-Z][A-Za-z0-9]*$'
[1.077s] 
[1.077s] Call Stack (most recent call first):
[1.077s]   /opt/ros/humble/share/rosidl_cmake/cmake/rosidl_generate_interfaces.cmake:130 (rosidl_adapt_interfaces)
[1.077s]   CMakeLists.txt:29 (rosidl_generate_interfaces)
[1.077s] 
[1.078s] [0m
[1.078s] -- Configuring incomplete, errors occurred!
[1.078s] See also "/home/prathmesh2931/dhanush_srv/build/dhanush_srv/CMakeFiles/CMakeOutput.log".
[1.080s] Invoked command in '/home/prathmesh2931/dhanush_srv/build/dhanush_srv' returned '1': CMAKE_PREFIX_PATH=${CMAKE_PREFIX_PATH}:/home/prathmesh2931/ey_working/install/ur5_control:/home/prathmesh2931/check_ws/install/ur5_control:/home/prathmesh2931/eyantra_task3/install/ur5_control:/home/prathmesh2931/twin_ws/install/zeus_description:/home/prathmesh2931/twin_ws/install/sim_controller:/home/prathmesh2931/twin_ws/install/shooting_set_description:/opt/ros/humble /usr/bin/cmake /home/prathmesh2931/dhanush_srv -DCMAKE_INSTALL_PREFIX=/home/prathmesh2931/dhanush_srv/install/dhanush_srv
