-- Found ament_cmake: 1.3.11 (/opt/ros/humble/share/ament_cmake/cmake)
-- Found rosidl_default_generators: 1.2.0 (/opt/ros/humble/share/rosidl_default_generators/cmake)
-- Using all available rosidl_typesupport_c: rosidl_typesupport_fastrtps_c;rosidl_typesupport_introspection_c
-- Found rosidl_adapter: 3.1.6 (/opt/ros/humble/share/rosidl_adapter/cmake)
-- Using all available rosidl_typesupport_cpp: rosidl_typesupport_fastrtps_cpp;rosidl_typesupport_introspection_cpp
-- Found ament_cmake_ros: 0.10.0 (/opt/ros/humble/share/ament_cmake_ros/cmake)
-- Using all available rosidl_typesupport_c: rosidl_typesupport_fastrtps_c;rosidl_typesupport_introspection_c
-- Using all available rosidl_typesupport_cpp: rosidl_typesupport_fastrtps_cpp;rosidl_typesupport_introspection_cpp
-- Found python_cmake_module: 0.10.0 (/opt/ros/humble/share/python_cmake_module/cmake)
-- Using PYTHON_EXECUTABLE: /usr/bin/python3
-- Using PYTHON_INCLUDE_DIRS: /usr/include/python3.10
-- Using PYTHON_LIBRARIES: /usr/lib/x86_64-linux-gnu/libpython3.10.so
-- Found ament_lint_auto: 0.12.11 (/opt/ros/humble/share/ament_lint_auto/cmake)
-- Configuring done
-- Generating done
-- Build files have been written to: /home/prathmesh2931/dhanush_srv/build/dhanush_srv
[  3%] [34m[1mGenerating C code for ROS interfaces[0m
[  6%] [34m[1mGenerating C++ code for ROS interfaces[0m
[  6%] Built target ament_cmake_python_copy_dhanush_srv
[  6%] Built target dhanush_srv__cpp
[35m[1mConsolidate compiler generated dependencies of target dhanush_srv__rosidl_generator_c[0m
[  9%] [34m[1mGenerating C++ type support for eProsima Fast-RTPS[0m
[ 12%] [34m[1mGenerating C++ type support dispatch for ROS interfaces[0m
[ 16%] [34m[1mGenerating C++ introspection for ROS interfaces[0m
[ 19%] [32mBuilding C object CMakeFiles/dhanush_srv__rosidl_generator_c.dir/rosidl_generator_c/dhanush_srv/srv/detail/speed_angle__functions.c.o[0m
running egg_info
writing dhanush_srv.egg-info/PKG-INFO
writing dependency_links to dhanush_srv.egg-info/dependency_links.txt
writing top-level names to dhanush_srv.egg-info/top_level.txt
reading manifest file 'dhanush_srv.egg-info/SOURCES.txt'
writing manifest file 'dhanush_srv.egg-info/SOURCES.txt'
[ 19%] Built target ament_cmake_python_build_dhanush_srv_egg
[ 22%] [32m[1mLinking C shared library libdhanush_srv__rosidl_generator_c.so[0m
[ 22%] Built target dhanush_srv__rosidl_generator_c
[ 25%] [34m[1mGenerating C type support dispatch for ROS interfaces[0m
[ 29%] [34m[1mGenerating C introspection for ROS interfaces[0m
[ 32%] [34m[1mGenerating C type support for eProsima Fast-RTPS[0m
[35m[1mConsolidate compiler generated dependencies of target dhanush_srv__rosidl_typesupport_cpp[0m
[ 35%] [32mBuilding CXX object CMakeFiles/dhanush_srv__rosidl_typesupport_cpp.dir/rosidl_typesupport_cpp/dhanush_srv/srv/speed_angle__type_support.cpp.o[0m
[35m[1mConsolidate compiler generated dependencies of target dhanush_srv__rosidl_typesupport_introspection_cpp[0m
[35m[1mConsolidate compiler generated dependencies of target dhanush_srv__rosidl_typesupport_fastrtps_cpp[0m
[ 41%] [32mBuilding CXX object CMakeFiles/dhanush_srv__rosidl_typesupport_fastrtps_cpp.dir/rosidl_typesupport_fastrtps_cpp/dhanush_srv/srv/detail/dds_fastrtps/speed_angle__type_support.cpp.o[0m
[ 41%] [32mBuilding CXX object CMakeFiles/dhanush_srv__rosidl_typesupport_introspection_cpp.dir/rosidl_typesupport_introspection_cpp/dhanush_srv/srv/detail/speed_angle__type_support.cpp.o[0m
[35m[1mConsolidate compiler generated dependencies of target dhanush_srv__rosidl_typesupport_introspection_c[0m
[35m[1mConsolidate compiler generated dependencies of target dhanush_srv__rosidl_typesupport_c[0m
[ 45%] [32mBuilding C object CMakeFiles/dhanush_srv__rosidl_typesupport_introspection_c.dir/rosidl_typesupport_introspection_c/dhanush_srv/srv/detail/speed_angle__type_support.c.o[0m
[ 48%] [32mBuilding CXX object CMakeFiles/dhanush_srv__rosidl_typesupport_c.dir/rosidl_typesupport_c/dhanush_srv/srv/speed_angle__type_support.cpp.o[0m
[ 51%] [32m[1mLinking C shared library libdhanush_srv__rosidl_typesupport_introspection_c.so[0m
[ 54%] [32m[1mLinking CXX shared library libdhanush_srv__rosidl_typesupport_c.so[0m
[ 54%] Built target dhanush_srv__rosidl_typesupport_c
[ 54%] Built target dhanush_srv__rosidl_typesupport_introspection_c
[ 58%] [32m[1mLinking CXX shared library libdhanush_srv__rosidl_typesupport_cpp.so[0m
[35m[1mConsolidate compiler generated dependencies of target dhanush_srv__rosidl_typesupport_fastrtps_c[0m
[ 61%] [32m[1mLinking CXX shared library libdhanush_srv__rosidl_typesupport_introspection_cpp.so[0m
[ 64%] [32mBuilding CXX object CMakeFiles/dhanush_srv__rosidl_typesupport_fastrtps_c.dir/rosidl_typesupport_fastrtps_c/dhanush_srv/srv/detail/speed_angle__type_support_c.cpp.o[0m
[ 64%] Built target dhanush_srv__rosidl_typesupport_cpp
[ 67%] [32m[1mLinking CXX shared library libdhanush_srv__rosidl_typesupport_fastrtps_cpp.so[0m
[ 67%] Built target dhanush_srv__rosidl_typesupport_introspection_cpp
[ 67%] Built target dhanush_srv__rosidl_typesupport_fastrtps_cpp
[ 70%] [32m[1mLinking CXX shared library libdhanush_srv__rosidl_typesupport_fastrtps_c.so[0m
[ 70%] Built target dhanush_srv__rosidl_typesupport_fastrtps_c
[ 70%] Built target dhanush_srv
[ 74%] [34m[1mGenerating Python code for ROS interfaces[0m
[ 74%] Built target dhanush_srv__py
[35m[1mConsolidate compiler generated dependencies of target dhanush_srv__rosidl_generator_py[0m
[ 77%] [32mBuilding C object CMakeFiles/dhanush_srv__rosidl_generator_py.dir/rosidl_generator_py/dhanush_srv/srv/_speed_angle_s.c.o[0m
[ 80%] [32m[1mLinking C shared library rosidl_generator_py/dhanush_srv/libdhanush_srv__rosidl_generator_py.so[0m
[ 80%] Built target dhanush_srv__rosidl_generator_py
[35m[1mConsolidate compiler generated dependencies of target dhanush_srv__rosidl_typesupport_c__pyext[0m
[35m[1mConsolidate compiler generated dependencies of target dhanush_srv__rosidl_typesupport_introspection_c__pyext[0m
[35m[1mConsolidate compiler generated dependencies of target dhanush_srv__rosidl_typesupport_fastrtps_c__pyext[0m
[ 83%] [32mBuilding C object CMakeFiles/dhanush_srv__rosidl_typesupport_introspection_c__pyext.dir/rosidl_generator_py/dhanush_srv/_dhanush_srv_s.ep.rosidl_typesupport_introspection_c.c.o[0m
[ 87%] [32mBuilding C object CMakeFiles/dhanush_srv__rosidl_typesupport_fastrtps_c__pyext.dir/rosidl_generator_py/dhanush_srv/_dhanush_srv_s.ep.rosidl_typesupport_fastrtps_c.c.o[0m
[ 90%] [32mBuilding C object CMakeFiles/dhanush_srv__rosidl_typesupport_c__pyext.dir/rosidl_generator_py/dhanush_srv/_dhanush_srv_s.ep.rosidl_typesupport_c.c.o[0m
[ 93%] [32m[1mLinking C shared library rosidl_generator_py/dhanush_srv/dhanush_srv_s__rosidl_typesupport_fastrtps_c.cpython-310-x86_64-linux-gnu.so[0m
[ 96%] [32m[1mLinking C shared library rosidl_generator_py/dhanush_srv/dhanush_srv_s__rosidl_typesupport_c.cpython-310-x86_64-linux-gnu.so[0m
[100%] [32m[1mLinking C shared library rosidl_generator_py/dhanush_srv/dhanush_srv_s__rosidl_typesupport_introspection_c.cpython-310-x86_64-linux-gnu.so[0m
[100%] Built target dhanush_srv__rosidl_typesupport_c__pyext
[100%] Built target dhanush_srv__rosidl_typesupport_fastrtps_c__pyext
[100%] Built target dhanush_srv__rosidl_typesupport_introspection_c__pyext
-- Install configuration: ""
-- Up-to-date: /home/prathmesh2931/dhanush_srv/install/dhanush_srv/share/ament_index/resource_index/rosidl_interfaces/dhanush_srv
-- Up-to-date: /home/prathmesh2931/dhanush_srv/install/dhanush_srv/include/dhanush_srv/dhanush_srv
-- Up-to-date: /home/prathmesh2931/dhanush_srv/install/dhanush_srv/include/dhanush_srv/dhanush_srv/srv
-- Installing: /home/prathmesh2931/dhanush_srv/install/dhanush_srv/include/dhanush_srv/dhanush_srv/srv/speed_angle.h
-- Up-to-date: /home/prathmesh2931/dhanush_srv/install/dhanush_srv/include/dhanush_srv/dhanush_srv/srv/detail
-- Installing: /home/prathmesh2931/dhanush_srv/install/dhanush_srv/include/dhanush_srv/dhanush_srv/srv/detail/speed_angle__struct.h
-- Installing: /home/prathmesh2931/dhanush_srv/install/dhanush_srv/include/dhanush_srv/dhanush_srv/srv/detail/speed_angle__functions.c
-- Installing: /home/prathmesh2931/dhanush_srv/install/dhanush_srv/include/dhanush_srv/dhanush_srv/srv/detail/speed_angle__functions.h
-- Installing: /home/prathmesh2931/dhanush_srv/install/dhanush_srv/include/dhanush_srv/dhanush_srv/srv/detail/speed_angle__type_support.h
-- Up-to-date: /home/prathmesh2931/dhanush_srv/install/dhanush_srv/include/dhanush_srv/dhanush_srv/msg
-- Up-to-date: /home/prathmesh2931/dhanush_srv/install/dhanush_srv/include/dhanush_srv/dhanush_srv/msg/rosidl_generator_c__visibility_control.h
-- Up-to-date: /home/prathmesh2931/dhanush_srv/install/dhanush_srv/share/dhanush_srv/environment/library_path.sh
-- Installing: /home/prathmesh2931/dhanush_srv/install/dhanush_srv/share/dhanush_srv/environment/library_path.dsv
-- Installing: /home/prathmesh2931/dhanush_srv/install/dhanush_srv/lib/libdhanush_srv__rosidl_generator_c.so
-- Set runtime path of "/home/prathmesh2931/dhanush_srv/install/dhanush_srv/lib/libdhanush_srv__rosidl_generator_c.so" to ""
-- Up-to-date: /home/prathmesh2931/dhanush_srv/install/dhanush_srv/include/dhanush_srv/dhanush_srv
-- Up-to-date: /home/prathmesh2931/dhanush_srv/install/dhanush_srv/include/dhanush_srv/dhanush_srv/srv
-- Up-to-date: /home/prathmesh2931/dhanush_srv/install/dhanush_srv/include/dhanush_srv/dhanush_srv/srv/detail
-- Installing: /home/prathmesh2931/dhanush_srv/install/dhanush_srv/include/dhanush_srv/dhanush_srv/srv/detail/speed_angle__rosidl_typesupport_fastrtps_c.h
-- Up-to-date: /home/prathmesh2931/dhanush_srv/install/dhanush_srv/include/dhanush_srv/dhanush_srv/msg
-- Up-to-date: /home/prathmesh2931/dhanush_srv/install/dhanush_srv/include/dhanush_srv/dhanush_srv/msg/rosidl_typesupport_fastrtps_c__visibility_control.h
-- Installing: /home/prathmesh2931/dhanush_srv/install/dhanush_srv/lib/libdhanush_srv__rosidl_typesupport_fastrtps_c.so
-- Set runtime path of "/home/prathmesh2931/dhanush_srv/install/dhanush_srv/lib/libdhanush_srv__rosidl_typesupport_fastrtps_c.so" to ""
-- Up-to-date: /home/prathmesh2931/dhanush_srv/install/dhanush_srv/include/dhanush_srv/dhanush_srv
-- Up-to-date: /home/prathmesh2931/dhanush_srv/install/dhanush_srv/include/dhanush_srv/dhanush_srv/srv
-- Up-to-date: /home/prathmesh2931/dhanush_srv/install/dhanush_srv/include/dhanush_srv/dhanush_srv/srv/detail
-- Installing: /home/prathmesh2931/dhanush_srv/install/dhanush_srv/include/dhanush_srv/dhanush_srv/srv/detail/speed_angle__type_support.c
-- Installing: /home/prathmesh2931/dhanush_srv/install/dhanush_srv/include/dhanush_srv/dhanush_srv/srv/detail/speed_angle__rosidl_typesupport_introspection_c.h
-- Up-to-date: /home/prathmesh2931/dhanush_srv/install/dhanush_srv/include/dhanush_srv/dhanush_srv/msg
-- Up-to-date: /home/prathmesh2931/dhanush_srv/install/dhanush_srv/include/dhanush_srv/dhanush_srv/msg/rosidl_typesupport_introspection_c__visibility_control.h
-- Installing: /home/prathmesh2931/dhanush_srv/install/dhanush_srv/lib/libdhanush_srv__rosidl_typesupport_introspection_c.so
-- Set runtime path of "/home/prathmesh2931/dhanush_srv/install/dhanush_srv/lib/libdhanush_srv__rosidl_typesupport_introspection_c.so" to ""
-- Installing: /home/prathmesh2931/dhanush_srv/install/dhanush_srv/lib/libdhanush_srv__rosidl_typesupport_c.so
-- Set runtime path of "/home/prathmesh2931/dhanush_srv/install/dhanush_srv/lib/libdhanush_srv__rosidl_typesupport_c.so" to ""
-- Up-to-date: /home/prathmesh2931/dhanush_srv/install/dhanush_srv/include/dhanush_srv/dhanush_srv
-- Up-to-date: /home/prathmesh2931/dhanush_srv/install/dhanush_srv/include/dhanush_srv/dhanush_srv/srv
-- Installing: /home/prathmesh2931/dhanush_srv/install/dhanush_srv/include/dhanush_srv/dhanush_srv/srv/speed_angle.hpp
-- Up-to-date: /home/prathmesh2931/dhanush_srv/install/dhanush_srv/include/dhanush_srv/dhanush_srv/srv/detail
-- Installing: /home/prathmesh2931/dhanush_srv/install/dhanush_srv/include/dhanush_srv/dhanush_srv/srv/detail/speed_angle__struct.hpp
-- Installing: /home/prathmesh2931/dhanush_srv/install/dhanush_srv/include/dhanush_srv/dhanush_srv/srv/detail/speed_angle__traits.hpp
-- Installing: /home/prathmesh2931/dhanush_srv/install/dhanush_srv/include/dhanush_srv/dhanush_srv/srv/detail/speed_angle__type_support.hpp
-- Installing: /home/prathmesh2931/dhanush_srv/install/dhanush_srv/include/dhanush_srv/dhanush_srv/srv/detail/speed_angle__builder.hpp
-- Up-to-date: /home/prathmesh2931/dhanush_srv/install/dhanush_srv/include/dhanush_srv/dhanush_srv/msg
-- Up-to-date: /home/prathmesh2931/dhanush_srv/install/dhanush_srv/include/dhanush_srv/dhanush_srv/msg/rosidl_generator_cpp__visibility_control.hpp
-- Up-to-date: /home/prathmesh2931/dhanush_srv/install/dhanush_srv/include/dhanush_srv/dhanush_srv
-- Up-to-date: /home/prathmesh2931/dhanush_srv/install/dhanush_srv/include/dhanush_srv/dhanush_srv/srv
-- Up-to-date: /home/prathmesh2931/dhanush_srv/install/dhanush_srv/include/dhanush_srv/dhanush_srv/srv/detail
-- Up-to-date: /home/prathmesh2931/dhanush_srv/install/dhanush_srv/include/dhanush_srv/dhanush_srv/srv/detail/dds_fastrtps
-- Installing: /home/prathmesh2931/dhanush_srv/install/dhanush_srv/include/dhanush_srv/dhanush_srv/srv/detail/speed_angle__rosidl_typesupport_fastrtps_cpp.hpp
-- Up-to-date: /home/prathmesh2931/dhanush_srv/install/dhanush_srv/include/dhanush_srv/dhanush_srv/msg
-- Up-to-date: /home/prathmesh2931/dhanush_srv/install/dhanush_srv/include/dhanush_srv/dhanush_srv/msg/rosidl_typesupport_fastrtps_cpp__visibility_control.h
-- Installing: /home/prathmesh2931/dhanush_srv/install/dhanush_srv/lib/libdhanush_srv__rosidl_typesupport_fastrtps_cpp.so
-- Set runtime path of "/home/prathmesh2931/dhanush_srv/install/dhanush_srv/lib/libdhanush_srv__rosidl_typesupport_fastrtps_cpp.so" to ""
-- Up-to-date: /home/prathmesh2931/dhanush_srv/install/dhanush_srv/include/dhanush_srv/dhanush_srv
-- Up-to-date: /home/prathmesh2931/dhanush_srv/install/dhanush_srv/include/dhanush_srv/dhanush_srv/srv
-- Up-to-date: /home/prathmesh2931/dhanush_srv/install/dhanush_srv/include/dhanush_srv/dhanush_srv/srv/detail
-- Installing: /home/prathmesh2931/dhanush_srv/install/dhanush_srv/include/dhanush_srv/dhanush_srv/srv/detail/speed_angle__type_support.cpp
-- Installing: /home/prathmesh2931/dhanush_srv/install/dhanush_srv/include/dhanush_srv/dhanush_srv/srv/detail/speed_angle__rosidl_typesupport_introspection_cpp.hpp
-- Installing: /home/prathmesh2931/dhanush_srv/install/dhanush_srv/lib/libdhanush_srv__rosidl_typesupport_introspection_cpp.so
-- Set runtime path of "/home/prathmesh2931/dhanush_srv/install/dhanush_srv/lib/libdhanush_srv__rosidl_typesupport_introspection_cpp.so" to ""
-- Installing: /home/prathmesh2931/dhanush_srv/install/dhanush_srv/lib/libdhanush_srv__rosidl_typesupport_cpp.so
-- Set runtime path of "/home/prathmesh2931/dhanush_srv/install/dhanush_srv/lib/libdhanush_srv__rosidl_typesupport_cpp.so" to ""
-- Up-to-date: /home/prathmesh2931/dhanush_srv/install/dhanush_srv/share/dhanush_srv/environment/pythonpath.sh
-- Installing: /home/prathmesh2931/dhanush_srv/install/dhanush_srv/share/dhanush_srv/environment/pythonpath.dsv
-- Up-to-date: /home/prathmesh2931/dhanush_srv/install/dhanush_srv/local/lib/python3.10/dist-packages/dhanush_srv-0.0.0-py3.10.egg-info
-- Installing: /home/prathmesh2931/dhanush_srv/install/dhanush_srv/local/lib/python3.10/dist-packages/dhanush_srv-0.0.0-py3.10.egg-info/dependency_links.txt
-- Installing: /home/prathmesh2931/dhanush_srv/install/dhanush_srv/local/lib/python3.10/dist-packages/dhanush_srv-0.0.0-py3.10.egg-info/PKG-INFO
-- Installing: /home/prathmesh2931/dhanush_srv/install/dhanush_srv/local/lib/python3.10/dist-packages/dhanush_srv-0.0.0-py3.10.egg-info/SOURCES.txt
-- Installing: /home/prathmesh2931/dhanush_srv/install/dhanush_srv/local/lib/python3.10/dist-packages/dhanush_srv-0.0.0-py3.10.egg-info/top_level.txt
-- Up-to-date: /home/prathmesh2931/dhanush_srv/install/dhanush_srv/local/lib/python3.10/dist-packages/dhanush_srv
-- Installing: /home/prathmesh2931/dhanush_srv/install/dhanush_srv/local/lib/python3.10/dist-packages/dhanush_srv/_dhanush_srv_s.ep.rosidl_typesupport_introspection_c.c
-- Up-to-date: /home/prathmesh2931/dhanush_srv/install/dhanush_srv/local/lib/python3.10/dist-packages/dhanush_srv/srv
-- Installing: /home/prathmesh2931/dhanush_srv/install/dhanush_srv/local/lib/python3.10/dist-packages/dhanush_srv/srv/_speed_angle.py
-- Installing: /home/prathmesh2931/dhanush_srv/install/dhanush_srv/local/lib/python3.10/dist-packages/dhanush_srv/srv/__init__.py
-- Installing: /home/prathmesh2931/dhanush_srv/install/dhanush_srv/local/lib/python3.10/dist-packages/dhanush_srv/srv/_speed_angle_s.c
-- Installing: /home/prathmesh2931/dhanush_srv/install/dhanush_srv/local/lib/python3.10/dist-packages/dhanush_srv/_dhanush_srv_s.ep.rosidl_typesupport_c.c
-- Installing: /home/prathmesh2931/dhanush_srv/install/dhanush_srv/local/lib/python3.10/dist-packages/dhanush_srv/_dhanush_srv_s.ep.rosidl_typesupport_fastrtps_c.c
-- Installing: /home/prathmesh2931/dhanush_srv/install/dhanush_srv/local/lib/python3.10/dist-packages/dhanush_srv/dhanush_srv_s__rosidl_typesupport_c.cpython-310-x86_64-linux-gnu.so
-- Installing: /home/prathmesh2931/dhanush_srv/install/dhanush_srv/local/lib/python3.10/dist-packages/dhanush_srv/__init__.py
-- Installing: /home/prathmesh2931/dhanush_srv/install/dhanush_srv/local/lib/python3.10/dist-packages/dhanush_srv/libdhanush_srv__rosidl_generator_py.so
-- Installing: /home/prathmesh2931/dhanush_srv/install/dhanush_srv/local/lib/python3.10/dist-packages/dhanush_srv/dhanush_srv_s__rosidl_typesupport_fastrtps_c.cpython-310-x86_64-linux-gnu.so
-- Installing: /home/prathmesh2931/dhanush_srv/install/dhanush_srv/local/lib/python3.10/dist-packages/dhanush_srv/dhanush_srv_s__rosidl_typesupport_introspection_c.cpython-310-x86_64-linux-gnu.so
Listing '/home/prathmesh2931/dhanush_srv/install/dhanush_srv/local/lib/python3.10/dist-packages/dhanush_srv'...
Compiling '/home/prathmesh2931/dhanush_srv/install/dhanush_srv/local/lib/python3.10/dist-packages/dhanush_srv/__init__.py'...
Listing '/home/prathmesh2931/dhanush_srv/install/dhanush_srv/local/lib/python3.10/dist-packages/dhanush_srv/srv'...
Compiling '/home/prathmesh2931/dhanush_srv/install/dhanush_srv/local/lib/python3.10/dist-packages/dhanush_srv/srv/__init__.py'...
Compiling '/home/prathmesh2931/dhanush_srv/install/dhanush_srv/local/lib/python3.10/dist-packages/dhanush_srv/srv/_speed_angle.py'...
-- Installing: /home/prathmesh2931/dhanush_srv/install/dhanush_srv/local/lib/python3.10/dist-packages/dhanush_srv/dhanush_srv_s__rosidl_typesupport_fastrtps_c.cpython-310-x86_64-linux-gnu.so
-- Set runtime path of "/home/prathmesh2931/dhanush_srv/install/dhanush_srv/local/lib/python3.10/dist-packages/dhanush_srv/dhanush_srv_s__rosidl_typesupport_fastrtps_c.cpython-310-x86_64-linux-gnu.so" to ""
-- Installing: /home/prathmesh2931/dhanush_srv/install/dhanush_srv/local/lib/python3.10/dist-packages/dhanush_srv/dhanush_srv_s__rosidl_typesupport_introspection_c.cpython-310-x86_64-linux-gnu.so
-- Set runtime path of "/home/prathmesh2931/dhanush_srv/install/dhanush_srv/local/lib/python3.10/dist-packages/dhanush_srv/dhanush_srv_s__rosidl_typesupport_introspection_c.cpython-310-x86_64-linux-gnu.so" to ""
-- Installing: /home/prathmesh2931/dhanush_srv/install/dhanush_srv/local/lib/python3.10/dist-packages/dhanush_srv/dhanush_srv_s__rosidl_typesupport_c.cpython-310-x86_64-linux-gnu.so
-- Set runtime path of "/home/prathmesh2931/dhanush_srv/install/dhanush_srv/local/lib/python3.10/dist-packages/dhanush_srv/dhanush_srv_s__rosidl_typesupport_c.cpython-310-x86_64-linux-gnu.so" to ""
-- Installing: /home/prathmesh2931/dhanush_srv/install/dhanush_srv/lib/libdhanush_srv__rosidl_generator_py.so
-- Set runtime path of "/home/prathmesh2931/dhanush_srv/install/dhanush_srv/lib/libdhanush_srv__rosidl_generator_py.so" to ""
-- Installing: /home/prathmesh2931/dhanush_srv/install/dhanush_srv/share/dhanush_srv/srv/SpeedAngle.idl
-- Installing: /home/prathmesh2931/dhanush_srv/install/dhanush_srv/share/dhanush_srv/srv/SpeedAngle.srv
-- Installing: /home/prathmesh2931/dhanush_srv/install/dhanush_srv/share/dhanush_srv/srv/SpeedAngle_Request.msg
-- Up-to-date: /home/prathmesh2931/dhanush_srv/install/dhanush_srv/share/dhanush_srv/srv/SpeedAngle_Response.msg
-- Up-to-date: /home/prathmesh2931/dhanush_srv/install/dhanush_srv/share/ament_index/resource_index/package_run_dependencies/dhanush_srv
-- Up-to-date: /home/prathmesh2931/dhanush_srv/install/dhanush_srv/share/ament_index/resource_index/parent_prefix_path/dhanush_srv
-- Up-to-date: /home/prathmesh2931/dhanush_srv/install/dhanush_srv/share/dhanush_srv/environment/ament_prefix_path.sh
-- Installing: /home/prathmesh2931/dhanush_srv/install/dhanush_srv/share/dhanush_srv/environment/ament_prefix_path.dsv
-- Up-to-date: /home/prathmesh2931/dhanush_srv/install/dhanush_srv/share/dhanush_srv/environment/path.sh
-- Installing: /home/prathmesh2931/dhanush_srv/install/dhanush_srv/share/dhanush_srv/environment/path.dsv
-- Up-to-date: /home/prathmesh2931/dhanush_srv/install/dhanush_srv/share/dhanush_srv/local_setup.bash
-- Up-to-date: /home/prathmesh2931/dhanush_srv/install/dhanush_srv/share/dhanush_srv/local_setup.sh
-- Up-to-date: /home/prathmesh2931/dhanush_srv/install/dhanush_srv/share/dhanush_srv/local_setup.zsh
-- Installing: /home/prathmesh2931/dhanush_srv/install/dhanush_srv/share/dhanush_srv/local_setup.dsv
-- Installing: /home/prathmesh2931/dhanush_srv/install/dhanush_srv/share/dhanush_srv/package.dsv
-- Up-to-date: /home/prathmesh2931/dhanush_srv/install/dhanush_srv/share/ament_index/resource_index/packages/dhanush_srv
-- Up-to-date: /home/prathmesh2931/dhanush_srv/install/dhanush_srv/share/dhanush_srv/cmake/export_dhanush_srv__rosidl_generator_cExport.cmake
-- Up-to-date: /home/prathmesh2931/dhanush_srv/install/dhanush_srv/share/dhanush_srv/cmake/export_dhanush_srv__rosidl_generator_cExport-noconfig.cmake
-- Up-to-date: /home/prathmesh2931/dhanush_srv/install/dhanush_srv/share/dhanush_srv/cmake/export_dhanush_srv__rosidl_typesupport_fastrtps_cExport.cmake
-- Up-to-date: /home/prathmesh2931/dhanush_srv/install/dhanush_srv/share/dhanush_srv/cmake/export_dhanush_srv__rosidl_typesupport_fastrtps_cExport-noconfig.cmake
-- Up-to-date: /home/prathmesh2931/dhanush_srv/install/dhanush_srv/share/dhanush_srv/cmake/dhanush_srv__rosidl_typesupport_introspection_cExport.cmake
-- Up-to-date: /home/prathmesh2931/dhanush_srv/install/dhanush_srv/share/dhanush_srv/cmake/dhanush_srv__rosidl_typesupport_introspection_cExport-noconfig.cmake
-- Up-to-date: /home/prathmesh2931/dhanush_srv/install/dhanush_srv/share/dhanush_srv/cmake/dhanush_srv__rosidl_typesupport_cExport.cmake
-- Up-to-date: /home/prathmesh2931/dhanush_srv/install/dhanush_srv/share/dhanush_srv/cmake/dhanush_srv__rosidl_typesupport_cExport-noconfig.cmake
-- Up-to-date: /home/prathmesh2931/dhanush_srv/install/dhanush_srv/share/dhanush_srv/cmake/export_dhanush_srv__rosidl_generator_cppExport.cmake
-- Up-to-date: /home/prathmesh2931/dhanush_srv/install/dhanush_srv/share/dhanush_srv/cmake/export_dhanush_srv__rosidl_typesupport_fastrtps_cppExport.cmake
-- Up-to-date: /home/prathmesh2931/dhanush_srv/install/dhanush_srv/share/dhanush_srv/cmake/export_dhanush_srv__rosidl_typesupport_fastrtps_cppExport-noconfig.cmake
-- Up-to-date: /home/prathmesh2931/dhanush_srv/install/dhanush_srv/share/dhanush_srv/cmake/dhanush_srv__rosidl_typesupport_introspection_cppExport.cmake
-- Up-to-date: /home/prathmesh2931/dhanush_srv/install/dhanush_srv/share/dhanush_srv/cmake/dhanush_srv__rosidl_typesupport_introspection_cppExport-noconfig.cmake
-- Up-to-date: /home/prathmesh2931/dhanush_srv/install/dhanush_srv/share/dhanush_srv/cmake/dhanush_srv__rosidl_typesupport_cppExport.cmake
-- Up-to-date: /home/prathmesh2931/dhanush_srv/install/dhanush_srv/share/dhanush_srv/cmake/dhanush_srv__rosidl_typesupport_cppExport-noconfig.cmake
-- Up-to-date: /home/prathmesh2931/dhanush_srv/install/dhanush_srv/share/dhanush_srv/cmake/export_dhanush_srv__rosidl_generator_pyExport.cmake
-- Up-to-date: /home/prathmesh2931/dhanush_srv/install/dhanush_srv/share/dhanush_srv/cmake/export_dhanush_srv__rosidl_generator_pyExport-noconfig.cmake
-- Up-to-date: /home/prathmesh2931/dhanush_srv/install/dhanush_srv/share/dhanush_srv/cmake/rosidl_cmake-extras.cmake
-- Up-to-date: /home/prathmesh2931/dhanush_srv/install/dhanush_srv/share/dhanush_srv/cmake/ament_cmake_export_include_directories-extras.cmake
-- Up-to-date: /home/prathmesh2931/dhanush_srv/install/dhanush_srv/share/dhanush_srv/cmake/ament_cmake_export_libraries-extras.cmake
-- Up-to-date: /home/prathmesh2931/dhanush_srv/install/dhanush_srv/share/dhanush_srv/cmake/ament_cmake_export_targets-extras.cmake
-- Up-to-date: /home/prathmesh2931/dhanush_srv/install/dhanush_srv/share/dhanush_srv/cmake/rosidl_cmake_export_typesupport_targets-extras.cmake
-- Up-to-date: /home/prathmesh2931/dhanush_srv/install/dhanush_srv/share/dhanush_srv/cmake/ament_cmake_export_dependencies-extras.cmake
-- Up-to-date: /home/prathmesh2931/dhanush_srv/install/dhanush_srv/share/dhanush_srv/cmake/rosidl_cmake_export_typesupport_libraries-extras.cmake
-- Up-to-date: /home/prathmesh2931/dhanush_srv/install/dhanush_srv/share/dhanush_srv/cmake/dhanush_srvConfig.cmake
-- Up-to-date: /home/prathmesh2931/dhanush_srv/install/dhanush_srv/share/dhanush_srv/cmake/dhanush_srvConfig-version.cmake
-- Up-to-date: /home/prathmesh2931/dhanush_srv/install/dhanush_srv/share/dhanush_srv/package.xml
