[0.011s] Invoking command in '/home/prathmesh2931/dhanush_srv/build/dhanush_srv': CMAKE_PREFIX_PATH=${CMAKE_PREFIX_PATH}:/home/prathmesh2931/ey_working/install/ur5_control:/home/prathmesh2931/check_ws/install/ur5_control:/home/prathmesh2931/eyantra_task3/install/ur5_control:/home/prathmesh2931/twin_ws/install/zeus_description:/home/prathmesh2931/twin_ws/install/sim_controller:/home/prathmesh2931/twin_ws/install/shooting_set_description:/opt/ros/humble /usr/bin/cmake --build /home/prathmesh2931/dhanush_srv/build/dhanush_srv -- -j12 -l12
[0.037s] -- Found ament_cmake: 1.3.11 (/opt/ros/humble/share/ament_cmake/cmake)
[0.155s] -- Found rosidl_default_generators: 1.2.0 (/opt/ros/humble/share/rosidl_default_generators/cmake)
[0.160s] -- Using all available rosidl_typesupport_c: rosidl_typesupport_fastrtps_c;rosidl_typesupport_introspection_c
[0.161s] -- Found rosidl_adapter: 3.1.6 (/opt/ros/humble/share/rosidl_adapter/cmake)
[0.184s] -- Using all available rosidl_typesupport_cpp: rosidl_typesupport_fastrtps_cpp;rosidl_typesupport_introspection_cpp
[0.443s] -- Found ament_cmake_ros: 0.10.0 (/opt/ros/humble/share/ament_cmake_ros/cmake)
[0.631s] -- Using all available rosidl_typesupport_c: rosidl_typesupport_fastrtps_c;rosidl_typesupport_introspection_c
[0.863s] -- Using all available rosidl_typesupport_cpp: rosidl_typesupport_fastrtps_cpp;rosidl_typesupport_introspection_cpp
[0.884s] -- Found python_cmake_module: 0.10.0 (/opt/ros/humble/share/python_cmake_module/cmake)
[0.905s] -- Using PYTHON_EXECUTABLE: /usr/bin/python3
[0.905s] -- Using PYTHON_INCLUDE_DIRS: /usr/include/python3.10
[0.905s] -- Using PYTHON_LIBRARIES: /usr/lib/x86_64-linux-gnu/libpython3.10.so
[0.922s] -- Found ament_lint_auto: 0.12.11 (/opt/ros/humble/share/ament_lint_auto/cmake)
[0.934s] -- Configuring done
[0.949s] -- Generating done
[0.955s] -- Build files have been written to: /home/prathmesh2931/dhanush_srv/build/dhanush_srv
[0.980s] [  3%] [34m[1mGenerating C code for ROS interfaces[0m
[0.985s] [  6%] [34m[1mGenerating C++ code for ROS interfaces[0m
[0.993s] [  6%] Built target ament_cmake_python_copy_dhanush_srv
[1.182s] [  6%] Built target dhanush_srv__cpp
[1.184s] [35m[1mConsolidate compiler generated dependencies of target dhanush_srv__rosidl_generator_c[0m
[1.190s] [  9%] [34m[1mGenerating C++ type support for eProsima Fast-RTPS[0m
[1.191s] [ 12%] [34m[1mGenerating C++ type support dispatch for ROS interfaces[0m
[1.195s] [ 16%] [34m[1mGenerating C++ introspection for ROS interfaces[0m
[1.199s] [ 19%] [32mBuilding C object CMakeFiles/dhanush_srv__rosidl_generator_c.dir/rosidl_generator_c/dhanush_srv/srv/detail/speed_angle__functions.c.o[0m
[1.205s] running egg_info
[1.205s] writing dhanush_srv.egg-info/PKG-INFO
[1.205s] writing dependency_links to dhanush_srv.egg-info/dependency_links.txt
[1.206s] writing top-level names to dhanush_srv.egg-info/top_level.txt
[1.207s] reading manifest file 'dhanush_srv.egg-info/SOURCES.txt'
[1.208s] writing manifest file 'dhanush_srv.egg-info/SOURCES.txt'
[1.236s] [ 19%] Built target ament_cmake_python_build_dhanush_srv_egg
[1.251s] [ 22%] [32m[1mLinking C shared library libdhanush_srv__rosidl_generator_c.so[0m
[1.293s] [ 22%] Built target dhanush_srv__rosidl_generator_c
[1.302s] [ 25%] [34m[1mGenerating C type support dispatch for ROS interfaces[0m
[1.305s] [ 29%] [34m[1mGenerating C introspection for ROS interfaces[0m
[1.306s] [ 32%] [34m[1mGenerating C type support for eProsima Fast-RTPS[0m
[1.352s] [35m[1mConsolidate compiler generated dependencies of target dhanush_srv__rosidl_typesupport_cpp[0m
[1.364s] [ 35%] [32mBuilding CXX object CMakeFiles/dhanush_srv__rosidl_typesupport_cpp.dir/rosidl_typesupport_cpp/dhanush_srv/srv/speed_angle__type_support.cpp.o[0m
[1.381s] [35m[1mConsolidate compiler generated dependencies of target dhanush_srv__rosidl_typesupport_introspection_cpp[0m
[1.382s] [35m[1mConsolidate compiler generated dependencies of target dhanush_srv__rosidl_typesupport_fastrtps_cpp[0m
[1.393s] [ 41%] [32mBuilding CXX object CMakeFiles/dhanush_srv__rosidl_typesupport_fastrtps_cpp.dir/rosidl_typesupport_fastrtps_cpp/dhanush_srv/srv/detail/dds_fastrtps/speed_angle__type_support.cpp.o[0m
[1.393s] [ 41%] [32mBuilding CXX object CMakeFiles/dhanush_srv__rosidl_typesupport_introspection_cpp.dir/rosidl_typesupport_introspection_cpp/dhanush_srv/srv/detail/speed_angle__type_support.cpp.o[0m
[1.502s] [35m[1mConsolidate compiler generated dependencies of target dhanush_srv__rosidl_typesupport_introspection_c[0m
[1.506s] [35m[1mConsolidate compiler generated dependencies of target dhanush_srv__rosidl_typesupport_c[0m
[1.512s] [ 45%] [32mBuilding C object CMakeFiles/dhanush_srv__rosidl_typesupport_introspection_c.dir/rosidl_typesupport_introspection_c/dhanush_srv/srv/detail/speed_angle__type_support.c.o[0m
[1.516s] [ 48%] [32mBuilding CXX object CMakeFiles/dhanush_srv__rosidl_typesupport_c.dir/rosidl_typesupport_c/dhanush_srv/srv/speed_angle__type_support.cpp.o[0m
[1.545s] [ 51%] [32m[1mLinking C shared library libdhanush_srv__rosidl_typesupport_introspection_c.so[0m
[1.551s] [ 54%] [32m[1mLinking CXX shared library libdhanush_srv__rosidl_typesupport_c.so[0m
[1.583s] [ 54%] Built target dhanush_srv__rosidl_typesupport_c
[1.584s] [ 54%] Built target dhanush_srv__rosidl_typesupport_introspection_c
[1.610s] [ 58%] [32m[1mLinking CXX shared library libdhanush_srv__rosidl_typesupport_cpp.so[0m
[1.625s] [35m[1mConsolidate compiler generated dependencies of target dhanush_srv__rosidl_typesupport_fastrtps_c[0m
[1.636s] [ 61%] [32m[1mLinking CXX shared library libdhanush_srv__rosidl_typesupport_introspection_cpp.so[0m
[1.640s] [ 64%] [32mBuilding CXX object CMakeFiles/dhanush_srv__rosidl_typesupport_fastrtps_c.dir/rosidl_typesupport_fastrtps_c/dhanush_srv/srv/detail/speed_angle__type_support_c.cpp.o[0m
[1.649s] [ 64%] Built target dhanush_srv__rosidl_typesupport_cpp
[1.651s] [ 67%] [32m[1mLinking CXX shared library libdhanush_srv__rosidl_typesupport_fastrtps_cpp.so[0m
[1.671s] [ 67%] Built target dhanush_srv__rosidl_typesupport_introspection_cpp
[1.708s] [ 67%] Built target dhanush_srv__rosidl_typesupport_fastrtps_cpp
[1.841s] [ 70%] [32m[1mLinking CXX shared library libdhanush_srv__rosidl_typesupport_fastrtps_c.so[0m
[1.910s] [ 70%] Built target dhanush_srv__rosidl_typesupport_fastrtps_c
[1.934s] [ 70%] Built target dhanush_srv
[1.965s] [ 74%] [34m[1mGenerating Python code for ROS interfaces[0m
[2.205s] [ 74%] Built target dhanush_srv__py
[2.214s] [35m[1mConsolidate compiler generated dependencies of target dhanush_srv__rosidl_generator_py[0m
[2.225s] [ 77%] [32mBuilding C object CMakeFiles/dhanush_srv__rosidl_generator_py.dir/rosidl_generator_py/dhanush_srv/srv/_speed_angle_s.c.o[0m
[2.308s] [ 80%] [32m[1mLinking C shared library rosidl_generator_py/dhanush_srv/libdhanush_srv__rosidl_generator_py.so[0m
[2.351s] [ 80%] Built target dhanush_srv__rosidl_generator_py
[2.364s] [35m[1mConsolidate compiler generated dependencies of target dhanush_srv__rosidl_typesupport_c__pyext[0m
[2.365s] [35m[1mConsolidate compiler generated dependencies of target dhanush_srv__rosidl_typesupport_introspection_c__pyext[0m
[2.365s] [35m[1mConsolidate compiler generated dependencies of target dhanush_srv__rosidl_typesupport_fastrtps_c__pyext[0m
[2.379s] [ 83%] [32mBuilding C object CMakeFiles/dhanush_srv__rosidl_typesupport_introspection_c__pyext.dir/rosidl_generator_py/dhanush_srv/_dhanush_srv_s.ep.rosidl_typesupport_introspection_c.c.o[0m
[2.379s] [ 87%] [32mBuilding C object CMakeFiles/dhanush_srv__rosidl_typesupport_fastrtps_c__pyext.dir/rosidl_generator_py/dhanush_srv/_dhanush_srv_s.ep.rosidl_typesupport_fastrtps_c.c.o[0m
[2.382s] [ 90%] [32mBuilding C object CMakeFiles/dhanush_srv__rosidl_typesupport_c__pyext.dir/rosidl_generator_py/dhanush_srv/_dhanush_srv_s.ep.rosidl_typesupport_c.c.o[0m
[2.446s] [ 93%] [32m[1mLinking C shared library rosidl_generator_py/dhanush_srv/dhanush_srv_s__rosidl_typesupport_fastrtps_c.cpython-310-x86_64-linux-gnu.so[0m
[2.447s] [ 96%] [32m[1mLinking C shared library rosidl_generator_py/dhanush_srv/dhanush_srv_s__rosidl_typesupport_c.cpython-310-x86_64-linux-gnu.so[0m
[2.461s] [100%] [32m[1mLinking C shared library rosidl_generator_py/dhanush_srv/dhanush_srv_s__rosidl_typesupport_introspection_c.cpython-310-x86_64-linux-gnu.so[0m
[2.476s] [100%] Built target dhanush_srv__rosidl_typesupport_c__pyext
[2.479s] [100%] Built target dhanush_srv__rosidl_typesupport_fastrtps_c__pyext
[2.493s] [100%] Built target dhanush_srv__rosidl_typesupport_introspection_c__pyext
[2.503s] Invoked command in '/home/prathmesh2931/dhanush_srv/build/dhanush_srv' returned '0': CMAKE_PREFIX_PATH=${CMAKE_PREFIX_PATH}:/home/prathmesh2931/ey_working/install/ur5_control:/home/prathmesh2931/check_ws/install/ur5_control:/home/prathmesh2931/eyantra_task3/install/ur5_control:/home/prathmesh2931/twin_ws/install/zeus_description:/home/prathmesh2931/twin_ws/install/sim_controller:/home/prathmesh2931/twin_ws/install/shooting_set_description:/opt/ros/humble /usr/bin/cmake --build /home/prathmesh2931/dhanush_srv/build/dhanush_srv -- -j12 -l12
[2.511s] Invoking command in '/home/prathmesh2931/dhanush_srv/build/dhanush_srv': CMAKE_PREFIX_PATH=${CMAKE_PREFIX_PATH}:/home/prathmesh2931/ey_working/install/ur5_control:/home/prathmesh2931/check_ws/install/ur5_control:/home/prathmesh2931/eyantra_task3/install/ur5_control:/home/prathmesh2931/twin_ws/install/zeus_description:/home/prathmesh2931/twin_ws/install/sim_controller:/home/prathmesh2931/twin_ws/install/shooting_set_description:/opt/ros/humble /usr/bin/cmake --install /home/prathmesh2931/dhanush_srv/build/dhanush_srv
[2.518s] -- Install configuration: ""
[2.518s] -- Up-to-date: /home/prathmesh2931/dhanush_srv/install/dhanush_srv/share/ament_index/resource_index/rosidl_interfaces/dhanush_srv
[2.518s] -- Up-to-date: /home/prathmesh2931/dhanush_srv/install/dhanush_srv/include/dhanush_srv/dhanush_srv
[2.518s] -- Up-to-date: /home/prathmesh2931/dhanush_srv/install/dhanush_srv/include/dhanush_srv/dhanush_srv/srv
[2.518s] -- Installing: /home/prathmesh2931/dhanush_srv/install/dhanush_srv/include/dhanush_srv/dhanush_srv/srv/speed_angle.h
[2.518s] -- Up-to-date: /home/prathmesh2931/dhanush_srv/install/dhanush_srv/include/dhanush_srv/dhanush_srv/srv/detail
[2.518s] -- Installing: /home/prathmesh2931/dhanush_srv/install/dhanush_srv/include/dhanush_srv/dhanush_srv/srv/detail/speed_angle__struct.h
[2.518s] -- Installing: /home/prathmesh2931/dhanush_srv/install/dhanush_srv/include/dhanush_srv/dhanush_srv/srv/detail/speed_angle__functions.c
[2.518s] -- Installing: /home/prathmesh2931/dhanush_srv/install/dhanush_srv/include/dhanush_srv/dhanush_srv/srv/detail/speed_angle__functions.h
[2.518s] -- Installing: /home/prathmesh2931/dhanush_srv/install/dhanush_srv/include/dhanush_srv/dhanush_srv/srv/detail/speed_angle__type_support.h
[2.518s] -- Up-to-date: /home/prathmesh2931/dhanush_srv/install/dhanush_srv/include/dhanush_srv/dhanush_srv/msg
[2.518s] -- Up-to-date: /home/prathmesh2931/dhanush_srv/install/dhanush_srv/include/dhanush_srv/dhanush_srv/msg/rosidl_generator_c__visibility_control.h
[2.519s] -- Up-to-date: /home/prathmesh2931/dhanush_srv/install/dhanush_srv/share/dhanush_srv/environment/library_path.sh
[2.519s] -- Installing: /home/prathmesh2931/dhanush_srv/install/dhanush_srv/share/dhanush_srv/environment/library_path.dsv
[2.519s] -- Installing: /home/prathmesh2931/dhanush_srv/install/dhanush_srv/lib/libdhanush_srv__rosidl_generator_c.so
[2.519s] -- Set runtime path of "/home/prathmesh2931/dhanush_srv/install/dhanush_srv/lib/libdhanush_srv__rosidl_generator_c.so" to ""
[2.519s] -- Up-to-date: /home/prathmesh2931/dhanush_srv/install/dhanush_srv/include/dhanush_srv/dhanush_srv
[2.519s] -- Up-to-date: /home/prathmesh2931/dhanush_srv/install/dhanush_srv/include/dhanush_srv/dhanush_srv/srv
[2.519s] -- Up-to-date: /home/prathmesh2931/dhanush_srv/install/dhanush_srv/include/dhanush_srv/dhanush_srv/srv/detail
[2.519s] -- Installing: /home/prathmesh2931/dhanush_srv/install/dhanush_srv/include/dhanush_srv/dhanush_srv/srv/detail/speed_angle__rosidl_typesupport_fastrtps_c.h
[2.519s] -- Up-to-date: /home/prathmesh2931/dhanush_srv/install/dhanush_srv/include/dhanush_srv/dhanush_srv/msg
[2.519s] -- Up-to-date: /home/prathmesh2931/dhanush_srv/install/dhanush_srv/include/dhanush_srv/dhanush_srv/msg/rosidl_typesupport_fastrtps_c__visibility_control.h
[2.519s] -- Installing: /home/prathmesh2931/dhanush_srv/install/dhanush_srv/lib/libdhanush_srv__rosidl_typesupport_fastrtps_c.so
[2.519s] -- Set runtime path of "/home/prathmesh2931/dhanush_srv/install/dhanush_srv/lib/libdhanush_srv__rosidl_typesupport_fastrtps_c.so" to ""
[2.519s] -- Up-to-date: /home/prathmesh2931/dhanush_srv/install/dhanush_srv/include/dhanush_srv/dhanush_srv
[2.519s] -- Up-to-date: /home/prathmesh2931/dhanush_srv/install/dhanush_srv/include/dhanush_srv/dhanush_srv/srv
[2.519s] -- Up-to-date: /home/prathmesh2931/dhanush_srv/install/dhanush_srv/include/dhanush_srv/dhanush_srv/srv/detail
[2.519s] -- Installing: /home/prathmesh2931/dhanush_srv/install/dhanush_srv/include/dhanush_srv/dhanush_srv/srv/detail/speed_angle__type_support.c
[2.519s] -- Installing: /home/prathmesh2931/dhanush_srv/install/dhanush_srv/include/dhanush_srv/dhanush_srv/srv/detail/speed_angle__rosidl_typesupport_introspection_c.h
[2.519s] -- Up-to-date: /home/prathmesh2931/dhanush_srv/install/dhanush_srv/include/dhanush_srv/dhanush_srv/msg
[2.519s] -- Up-to-date: /home/prathmesh2931/dhanush_srv/install/dhanush_srv/include/dhanush_srv/dhanush_srv/msg/rosidl_typesupport_introspection_c__visibility_control.h
[2.519s] -- Installing: /home/prathmesh2931/dhanush_srv/install/dhanush_srv/lib/libdhanush_srv__rosidl_typesupport_introspection_c.so
[2.519s] -- Set runtime path of "/home/prathmesh2931/dhanush_srv/install/dhanush_srv/lib/libdhanush_srv__rosidl_typesupport_introspection_c.so" to ""
[2.520s] -- Installing: /home/prathmesh2931/dhanush_srv/install/dhanush_srv/lib/libdhanush_srv__rosidl_typesupport_c.so
[2.520s] -- Set runtime path of "/home/prathmesh2931/dhanush_srv/install/dhanush_srv/lib/libdhanush_srv__rosidl_typesupport_c.so" to ""
[2.520s] -- Up-to-date: /home/prathmesh2931/dhanush_srv/install/dhanush_srv/include/dhanush_srv/dhanush_srv
[2.520s] -- Up-to-date: /home/prathmesh2931/dhanush_srv/install/dhanush_srv/include/dhanush_srv/dhanush_srv/srv
[2.520s] -- Installing: /home/prathmesh2931/dhanush_srv/install/dhanush_srv/include/dhanush_srv/dhanush_srv/srv/speed_angle.hpp
[2.520s] -- Up-to-date: /home/prathmesh2931/dhanush_srv/install/dhanush_srv/include/dhanush_srv/dhanush_srv/srv/detail
[2.520s] -- Installing: /home/prathmesh2931/dhanush_srv/install/dhanush_srv/include/dhanush_srv/dhanush_srv/srv/detail/speed_angle__struct.hpp
[2.520s] -- Installing: /home/prathmesh2931/dhanush_srv/install/dhanush_srv/include/dhanush_srv/dhanush_srv/srv/detail/speed_angle__traits.hpp
[2.520s] -- Installing: /home/prathmesh2931/dhanush_srv/install/dhanush_srv/include/dhanush_srv/dhanush_srv/srv/detail/speed_angle__type_support.hpp
[2.520s] -- Installing: /home/prathmesh2931/dhanush_srv/install/dhanush_srv/include/dhanush_srv/dhanush_srv/srv/detail/speed_angle__builder.hpp
[2.520s] -- Up-to-date: /home/prathmesh2931/dhanush_srv/install/dhanush_srv/include/dhanush_srv/dhanush_srv/msg
[2.520s] -- Up-to-date: /home/prathmesh2931/dhanush_srv/install/dhanush_srv/include/dhanush_srv/dhanush_srv/msg/rosidl_generator_cpp__visibility_control.hpp
[2.520s] -- Up-to-date: /home/prathmesh2931/dhanush_srv/install/dhanush_srv/include/dhanush_srv/dhanush_srv
[2.521s] -- Up-to-date: /home/prathmesh2931/dhanush_srv/install/dhanush_srv/include/dhanush_srv/dhanush_srv/srv
[2.521s] -- Up-to-date: /home/prathmesh2931/dhanush_srv/install/dhanush_srv/include/dhanush_srv/dhanush_srv/srv/detail
[2.521s] -- Up-to-date: /home/prathmesh2931/dhanush_srv/install/dhanush_srv/include/dhanush_srv/dhanush_srv/srv/detail/dds_fastrtps
[2.521s] -- Installing: /home/prathmesh2931/dhanush_srv/install/dhanush_srv/include/dhanush_srv/dhanush_srv/srv/detail/speed_angle__rosidl_typesupport_fastrtps_cpp.hpp
[2.521s] -- Up-to-date: /home/prathmesh2931/dhanush_srv/install/dhanush_srv/include/dhanush_srv/dhanush_srv/msg
[2.521s] -- Up-to-date: /home/prathmesh2931/dhanush_srv/install/dhanush_srv/include/dhanush_srv/dhanush_srv/msg/rosidl_typesupport_fastrtps_cpp__visibility_control.h
[2.521s] -- Installing: /home/prathmesh2931/dhanush_srv/install/dhanush_srv/lib/libdhanush_srv__rosidl_typesupport_fastrtps_cpp.so
[2.521s] -- Set runtime path of "/home/prathmesh2931/dhanush_srv/install/dhanush_srv/lib/libdhanush_srv__rosidl_typesupport_fastrtps_cpp.so" to ""
[2.521s] -- Up-to-date: /home/prathmesh2931/dhanush_srv/install/dhanush_srv/include/dhanush_srv/dhanush_srv
[2.522s] -- Up-to-date: /home/prathmesh2931/dhanush_srv/install/dhanush_srv/include/dhanush_srv/dhanush_srv/srv
[2.522s] -- Up-to-date: /home/prathmesh2931/dhanush_srv/install/dhanush_srv/include/dhanush_srv/dhanush_srv/srv/detail
[2.522s] -- Installing: /home/prathmesh2931/dhanush_srv/install/dhanush_srv/include/dhanush_srv/dhanush_srv/srv/detail/speed_angle__type_support.cpp
[2.522s] -- Installing: /home/prathmesh2931/dhanush_srv/install/dhanush_srv/include/dhanush_srv/dhanush_srv/srv/detail/speed_angle__rosidl_typesupport_introspection_cpp.hpp
[2.522s] -- Installing: /home/prathmesh2931/dhanush_srv/install/dhanush_srv/lib/libdhanush_srv__rosidl_typesupport_introspection_cpp.so
[2.522s] -- Set runtime path of "/home/prathmesh2931/dhanush_srv/install/dhanush_srv/lib/libdhanush_srv__rosidl_typesupport_introspection_cpp.so" to ""
[2.522s] -- Installing: /home/prathmesh2931/dhanush_srv/install/dhanush_srv/lib/libdhanush_srv__rosidl_typesupport_cpp.so
[2.522s] -- Set runtime path of "/home/prathmesh2931/dhanush_srv/install/dhanush_srv/lib/libdhanush_srv__rosidl_typesupport_cpp.so" to ""
[2.522s] -- Up-to-date: /home/prathmesh2931/dhanush_srv/install/dhanush_srv/share/dhanush_srv/environment/pythonpath.sh
[2.522s] -- Installing: /home/prathmesh2931/dhanush_srv/install/dhanush_srv/share/dhanush_srv/environment/pythonpath.dsv
[2.522s] -- Up-to-date: /home/prathmesh2931/dhanush_srv/install/dhanush_srv/local/lib/python3.10/dist-packages/dhanush_srv-0.0.0-py3.10.egg-info
[2.522s] -- Installing: /home/prathmesh2931/dhanush_srv/install/dhanush_srv/local/lib/python3.10/dist-packages/dhanush_srv-0.0.0-py3.10.egg-info/dependency_links.txt
[2.523s] -- Installing: /home/prathmesh2931/dhanush_srv/install/dhanush_srv/local/lib/python3.10/dist-packages/dhanush_srv-0.0.0-py3.10.egg-info/PKG-INFO
[2.523s] -- Installing: /home/prathmesh2931/dhanush_srv/install/dhanush_srv/local/lib/python3.10/dist-packages/dhanush_srv-0.0.0-py3.10.egg-info/SOURCES.txt
[2.523s] -- Installing: /home/prathmesh2931/dhanush_srv/install/dhanush_srv/local/lib/python3.10/dist-packages/dhanush_srv-0.0.0-py3.10.egg-info/top_level.txt
[2.523s] -- Up-to-date: /home/prathmesh2931/dhanush_srv/install/dhanush_srv/local/lib/python3.10/dist-packages/dhanush_srv
[2.523s] -- Installing: /home/prathmesh2931/dhanush_srv/install/dhanush_srv/local/lib/python3.10/dist-packages/dhanush_srv/_dhanush_srv_s.ep.rosidl_typesupport_introspection_c.c
[2.523s] -- Up-to-date: /home/prathmesh2931/dhanush_srv/install/dhanush_srv/local/lib/python3.10/dist-packages/dhanush_srv/srv
[2.523s] -- Installing: /home/prathmesh2931/dhanush_srv/install/dhanush_srv/local/lib/python3.10/dist-packages/dhanush_srv/srv/_speed_angle.py
[2.523s] -- Installing: /home/prathmesh2931/dhanush_srv/install/dhanush_srv/local/lib/python3.10/dist-packages/dhanush_srv/srv/__init__.py
[2.523s] -- Installing: /home/prathmesh2931/dhanush_srv/install/dhanush_srv/local/lib/python3.10/dist-packages/dhanush_srv/srv/_speed_angle_s.c
[2.523s] -- Installing: /home/prathmesh2931/dhanush_srv/install/dhanush_srv/local/lib/python3.10/dist-packages/dhanush_srv/_dhanush_srv_s.ep.rosidl_typesupport_c.c
[2.523s] -- Installing: /home/prathmesh2931/dhanush_srv/install/dhanush_srv/local/lib/python3.10/dist-packages/dhanush_srv/_dhanush_srv_s.ep.rosidl_typesupport_fastrtps_c.c
[2.523s] -- Installing: /home/prathmesh2931/dhanush_srv/install/dhanush_srv/local/lib/python3.10/dist-packages/dhanush_srv/dhanush_srv_s__rosidl_typesupport_c.cpython-310-x86_64-linux-gnu.so
[2.523s] -- Installing: /home/prathmesh2931/dhanush_srv/install/dhanush_srv/local/lib/python3.10/dist-packages/dhanush_srv/__init__.py
[2.523s] -- Installing: /home/prathmesh2931/dhanush_srv/install/dhanush_srv/local/lib/python3.10/dist-packages/dhanush_srv/libdhanush_srv__rosidl_generator_py.so
[2.523s] -- Installing: /home/prathmesh2931/dhanush_srv/install/dhanush_srv/local/lib/python3.10/dist-packages/dhanush_srv/dhanush_srv_s__rosidl_typesupport_fastrtps_c.cpython-310-x86_64-linux-gnu.so
[2.523s] -- Installing: /home/prathmesh2931/dhanush_srv/install/dhanush_srv/local/lib/python3.10/dist-packages/dhanush_srv/dhanush_srv_s__rosidl_typesupport_introspection_c.cpython-310-x86_64-linux-gnu.so
[2.562s] Listing '/home/prathmesh2931/dhanush_srv/install/dhanush_srv/local/lib/python3.10/dist-packages/dhanush_srv'...
[2.562s] Compiling '/home/prathmesh2931/dhanush_srv/install/dhanush_srv/local/lib/python3.10/dist-packages/dhanush_srv/__init__.py'...
[2.562s] Listing '/home/prathmesh2931/dhanush_srv/install/dhanush_srv/local/lib/python3.10/dist-packages/dhanush_srv/srv'...
[2.562s] Compiling '/home/prathmesh2931/dhanush_srv/install/dhanush_srv/local/lib/python3.10/dist-packages/dhanush_srv/srv/__init__.py'...
[2.562s] Compiling '/home/prathmesh2931/dhanush_srv/install/dhanush_srv/local/lib/python3.10/dist-packages/dhanush_srv/srv/_speed_angle.py'...
[2.565s] -- Installing: /home/prathmesh2931/dhanush_srv/install/dhanush_srv/local/lib/python3.10/dist-packages/dhanush_srv/dhanush_srv_s__rosidl_typesupport_fastrtps_c.cpython-310-x86_64-linux-gnu.so
[2.565s] -- Set runtime path of "/home/prathmesh2931/dhanush_srv/install/dhanush_srv/local/lib/python3.10/dist-packages/dhanush_srv/dhanush_srv_s__rosidl_typesupport_fastrtps_c.cpython-310-x86_64-linux-gnu.so" to ""
[2.565s] -- Installing: /home/prathmesh2931/dhanush_srv/install/dhanush_srv/local/lib/python3.10/dist-packages/dhanush_srv/dhanush_srv_s__rosidl_typesupport_introspection_c.cpython-310-x86_64-linux-gnu.so
[2.565s] -- Set runtime path of "/home/prathmesh2931/dhanush_srv/install/dhanush_srv/local/lib/python3.10/dist-packages/dhanush_srv/dhanush_srv_s__rosidl_typesupport_introspection_c.cpython-310-x86_64-linux-gnu.so" to ""
[2.566s] -- Installing: /home/prathmesh2931/dhanush_srv/install/dhanush_srv/local/lib/python3.10/dist-packages/dhanush_srv/dhanush_srv_s__rosidl_typesupport_c.cpython-310-x86_64-linux-gnu.so
[2.566s] -- Set runtime path of "/home/prathmesh2931/dhanush_srv/install/dhanush_srv/local/lib/python3.10/dist-packages/dhanush_srv/dhanush_srv_s__rosidl_typesupport_c.cpython-310-x86_64-linux-gnu.so" to ""
[2.566s] -- Installing: /home/prathmesh2931/dhanush_srv/install/dhanush_srv/lib/libdhanush_srv__rosidl_generator_py.so
[2.566s] -- Set runtime path of "/home/prathmesh2931/dhanush_srv/install/dhanush_srv/lib/libdhanush_srv__rosidl_generator_py.so" to ""
[2.566s] -- Installing: /home/prathmesh2931/dhanush_srv/install/dhanush_srv/share/dhanush_srv/srv/SpeedAngle.idl
[2.566s] -- Installing: /home/prathmesh2931/dhanush_srv/install/dhanush_srv/share/dhanush_srv/srv/SpeedAngle.srv
[2.566s] -- Installing: /home/prathmesh2931/dhanush_srv/install/dhanush_srv/share/dhanush_srv/srv/SpeedAngle_Request.msg
[2.566s] -- Up-to-date: /home/prathmesh2931/dhanush_srv/install/dhanush_srv/share/dhanush_srv/srv/SpeedAngle_Response.msg
[2.566s] -- Up-to-date: /home/prathmesh2931/dhanush_srv/install/dhanush_srv/share/ament_index/resource_index/package_run_dependencies/dhanush_srv
[2.566s] -- Up-to-date: /home/prathmesh2931/dhanush_srv/install/dhanush_srv/share/ament_index/resource_index/parent_prefix_path/dhanush_srv
[2.566s] -- Up-to-date: /home/prathmesh2931/dhanush_srv/install/dhanush_srv/share/dhanush_srv/environment/ament_prefix_path.sh
[2.566s] -- Installing: /home/prathmesh2931/dhanush_srv/install/dhanush_srv/share/dhanush_srv/environment/ament_prefix_path.dsv
[2.566s] -- Up-to-date: /home/prathmesh2931/dhanush_srv/install/dhanush_srv/share/dhanush_srv/environment/path.sh
[2.566s] -- Installing: /home/prathmesh2931/dhanush_srv/install/dhanush_srv/share/dhanush_srv/environment/path.dsv
[2.566s] -- Up-to-date: /home/prathmesh2931/dhanush_srv/install/dhanush_srv/share/dhanush_srv/local_setup.bash
[2.566s] -- Up-to-date: /home/prathmesh2931/dhanush_srv/install/dhanush_srv/share/dhanush_srv/local_setup.sh
[2.566s] -- Up-to-date: /home/prathmesh2931/dhanush_srv/install/dhanush_srv/share/dhanush_srv/local_setup.zsh
[2.566s] -- Installing: /home/prathmesh2931/dhanush_srv/install/dhanush_srv/share/dhanush_srv/local_setup.dsv
[2.566s] -- Installing: /home/prathmesh2931/dhanush_srv/install/dhanush_srv/share/dhanush_srv/package.dsv
[2.566s] -- Up-to-date: /home/prathmesh2931/dhanush_srv/install/dhanush_srv/share/ament_index/resource_index/packages/dhanush_srv
[2.566s] -- Up-to-date: /home/prathmesh2931/dhanush_srv/install/dhanush_srv/share/dhanush_srv/cmake/export_dhanush_srv__rosidl_generator_cExport.cmake
[2.567s] -- Up-to-date: /home/prathmesh2931/dhanush_srv/install/dhanush_srv/share/dhanush_srv/cmake/export_dhanush_srv__rosidl_generator_cExport-noconfig.cmake
[2.567s] -- Up-to-date: /home/prathmesh2931/dhanush_srv/install/dhanush_srv/share/dhanush_srv/cmake/export_dhanush_srv__rosidl_typesupport_fastrtps_cExport.cmake
[2.567s] -- Up-to-date: /home/prathmesh2931/dhanush_srv/install/dhanush_srv/share/dhanush_srv/cmake/export_dhanush_srv__rosidl_typesupport_fastrtps_cExport-noconfig.cmake
[2.567s] -- Up-to-date: /home/prathmesh2931/dhanush_srv/install/dhanush_srv/share/dhanush_srv/cmake/dhanush_srv__rosidl_typesupport_introspection_cExport.cmake
[2.567s] -- Up-to-date: /home/prathmesh2931/dhanush_srv/install/dhanush_srv/share/dhanush_srv/cmake/dhanush_srv__rosidl_typesupport_introspection_cExport-noconfig.cmake
[2.567s] -- Up-to-date: /home/prathmesh2931/dhanush_srv/install/dhanush_srv/share/dhanush_srv/cmake/dhanush_srv__rosidl_typesupport_cExport.cmake
[2.567s] -- Up-to-date: /home/prathmesh2931/dhanush_srv/install/dhanush_srv/share/dhanush_srv/cmake/dhanush_srv__rosidl_typesupport_cExport-noconfig.cmake
[2.567s] -- Up-to-date: /home/prathmesh2931/dhanush_srv/install/dhanush_srv/share/dhanush_srv/cmake/export_dhanush_srv__rosidl_generator_cppExport.cmake
[2.567s] -- Up-to-date: /home/prathmesh2931/dhanush_srv/install/dhanush_srv/share/dhanush_srv/cmake/export_dhanush_srv__rosidl_typesupport_fastrtps_cppExport.cmake
[2.567s] -- Up-to-date: /home/prathmesh2931/dhanush_srv/install/dhanush_srv/share/dhanush_srv/cmake/export_dhanush_srv__rosidl_typesupport_fastrtps_cppExport-noconfig.cmake
[2.567s] -- Up-to-date: /home/prathmesh2931/dhanush_srv/install/dhanush_srv/share/dhanush_srv/cmake/dhanush_srv__rosidl_typesupport_introspection_cppExport.cmake
[2.567s] -- Up-to-date: /home/prathmesh2931/dhanush_srv/install/dhanush_srv/share/dhanush_srv/cmake/dhanush_srv__rosidl_typesupport_introspection_cppExport-noconfig.cmake
[2.567s] -- Up-to-date: /home/prathmesh2931/dhanush_srv/install/dhanush_srv/share/dhanush_srv/cmake/dhanush_srv__rosidl_typesupport_cppExport.cmake
[2.567s] -- Up-to-date: /home/prathmesh2931/dhanush_srv/install/dhanush_srv/share/dhanush_srv/cmake/dhanush_srv__rosidl_typesupport_cppExport-noconfig.cmake
[2.567s] -- Up-to-date: /home/prathmesh2931/dhanush_srv/install/dhanush_srv/share/dhanush_srv/cmake/export_dhanush_srv__rosidl_generator_pyExport.cmake
[2.567s] -- Up-to-date: /home/prathmesh2931/dhanush_srv/install/dhanush_srv/share/dhanush_srv/cmake/export_dhanush_srv__rosidl_generator_pyExport-noconfig.cmake
[2.567s] -- Up-to-date: /home/prathmesh2931/dhanush_srv/install/dhanush_srv/share/dhanush_srv/cmake/rosidl_cmake-extras.cmake
[2.567s] -- Up-to-date: /home/prathmesh2931/dhanush_srv/install/dhanush_srv/share/dhanush_srv/cmake/ament_cmake_export_include_directories-extras.cmake
[2.567s] -- Up-to-date: /home/prathmesh2931/dhanush_srv/install/dhanush_srv/share/dhanush_srv/cmake/ament_cmake_export_libraries-extras.cmake
[2.567s] -- Up-to-date: /home/prathmesh2931/dhanush_srv/install/dhanush_srv/share/dhanush_srv/cmake/ament_cmake_export_targets-extras.cmake
[2.567s] -- Up-to-date: /home/prathmesh2931/dhanush_srv/install/dhanush_srv/share/dhanush_srv/cmake/rosidl_cmake_export_typesupport_targets-extras.cmake
[2.567s] -- Up-to-date: /home/prathmesh2931/dhanush_srv/install/dhanush_srv/share/dhanush_srv/cmake/ament_cmake_export_dependencies-extras.cmake
[2.567s] -- Up-to-date: /home/prathmesh2931/dhanush_srv/install/dhanush_srv/share/dhanush_srv/cmake/rosidl_cmake_export_typesupport_libraries-extras.cmake
[2.567s] -- Up-to-date: /home/prathmesh2931/dhanush_srv/install/dhanush_srv/share/dhanush_srv/cmake/dhanush_srvConfig.cmake
[2.567s] -- Up-to-date: /home/prathmesh2931/dhanush_srv/install/dhanush_srv/share/dhanush_srv/cmake/dhanush_srvConfig-version.cmake
[2.567s] -- Up-to-date: /home/prathmesh2931/dhanush_srv/install/dhanush_srv/share/dhanush_srv/package.xml
[2.569s] Invoked command in '/home/prathmesh2931/dhanush_srv/build/dhanush_srv' returned '0': CMAKE_PREFIX_PATH=${CMAKE_PREFIX_PATH}:/home/prathmesh2931/ey_working/install/ur5_control:/home/prathmesh2931/check_ws/install/ur5_control:/home/prathmesh2931/eyantra_task3/install/ur5_control:/home/prathmesh2931/twin_ws/install/zeus_description:/home/prathmesh2931/twin_ws/install/sim_controller:/home/prathmesh2931/twin_ws/install/shooting_set_description:/opt/ros/humble /usr/bin/cmake --install /home/prathmesh2931/dhanush_srv/build/dhanush_srv
