[0.078s] DEBUG:colcon:Command line arguments: ['/usr/bin/colcon', 'build']
[0.078s] DEBUG:colcon:Parsed command line arguments: Namespace(log_base=None, log_level=None, verb_name='build', build_base='build', install_base='install', merge_install=False, symlink_install=False, test_result_base=None, continue_on_error=False, executor='parallel', parallel_workers=12, event_handlers=None, ignore_user_meta=False, metas=['./colcon.meta'], base_paths=['.'], packages_ignore=None, packages_ignore_regex=None, paths=None, packages_up_to=None, packages_up_to_regex=None, packages_above=None, packages_above_and_dependencies=None, packages_above_depth=None, packages_select_by_dep=None, packages_skip_by_dep=None, packages_skip_up_to=None, packages_select_build_failed=False, packages_skip_build_finished=False, packages_select_test_failures=False, packages_skip_test_passed=False, packages_select=None, packages_skip=None, packages_select_regex=None, packages_skip_regex=None, packages_start=None, packages_end=None, allow_overriding=[], cmake_args=None, cmake_target=None, cmake_target_skip_unavailable=False, cmake_clean_cache=False, cmake_clean_first=False, cmake_force_configure=False, ament_cmake_args=None, catkin_cmake_args=None, catkin_skip_building_tests=False, verb_parser=<colcon_defaults.argument_parser.defaults.DefaultArgumentsDecorator object at 0x780319b81300>, verb_extension=<colcon_core.verb.build.BuildVerb object at 0x780319b80d30>, main=<bound method BuildVerb.main of <colcon_core.verb.build.BuildVerb object at 0x780319b80d30>>)
[0.221s] Level 1:colcon.colcon_core.package_discovery:discover_packages(colcon_meta) check parameters
[0.221s] Level 1:colcon.colcon_core.package_discovery:discover_packages(recursive) check parameters
[0.221s] Level 1:colcon.colcon_core.package_discovery:discover_packages(ignore) check parameters
[0.222s] Level 1:colcon.colcon_core.package_discovery:discover_packages(path) check parameters
[0.222s] Level 1:colcon.colcon_core.package_discovery:discover_packages(colcon_meta) discover
[0.222s] Level 1:colcon.colcon_core.package_discovery:discover_packages(recursive) discover
[0.222s] INFO:colcon.colcon_core.package_discovery:Crawling recursively for packages in '/home/prathmesh2931/dhanush_srv'
[0.222s] Level 1:colcon.colcon_core.package_identification:_identify(.) by extensions ['ignore', 'ignore_ament_install']
[0.222s] Level 1:colcon.colcon_core.package_identification:_identify(.) by extension 'ignore'
[0.222s] Level 1:colcon.colcon_core.package_identification:_identify(.) by extension 'ignore_ament_install'
[0.222s] Level 1:colcon.colcon_core.package_identification:_identify(.) by extensions ['colcon_pkg']
[0.222s] Level 1:colcon.colcon_core.package_identification:_identify(.) by extension 'colcon_pkg'
[0.222s] Level 1:colcon.colcon_core.package_identification:_identify(.) by extensions ['colcon_meta']
[0.222s] Level 1:colcon.colcon_core.package_identification:_identify(.) by extension 'colcon_meta'
[0.222s] Level 1:colcon.colcon_core.package_identification:_identify(.) by extensions ['ros']
[0.222s] Level 1:colcon.colcon_core.package_identification:_identify(.) by extension 'ros'
[0.231s] DEBUG:colcon.colcon_core.package_identification:Package '.' with type 'ros.ament_cmake' and name 'dhanush_srv'
[0.231s] Level 1:colcon.colcon_core.package_discovery:discover_packages(recursive) using defaults
[0.231s] Level 1:colcon.colcon_core.package_discovery:discover_packages(ignore) discover
[0.231s] Level 1:colcon.colcon_core.package_discovery:discover_packages(ignore) using defaults
[0.231s] Level 1:colcon.colcon_core.package_discovery:discover_packages(path) discover
[0.231s] Level 1:colcon.colcon_core.package_discovery:discover_packages(path) using defaults
[0.245s] Level 1:colcon.colcon_core.package_discovery:discover_packages(prefix_path) check parameters
[0.245s] Level 1:colcon.colcon_core.package_discovery:discover_packages(prefix_path) discover
[0.247s] DEBUG:colcon.colcon_installed_package_information.package_discovery:Found 1 installed packages in /home/prathmesh2931/testbot_sim/install
[0.247s] DEBUG:colcon.colcon_installed_package_information.package_discovery:Found 13 installed packages in /home/prathmesh2931/ey_working/install
[0.248s] DEBUG:colcon.colcon_installed_package_information.package_discovery:Found 13 installed packages in /home/prathmesh2931/check_ws/install
[0.248s] DEBUG:colcon.colcon_installed_package_information.package_discovery:Found 13 installed packages in /home/prathmesh2931/eyantra_task3/install
[0.249s] DEBUG:colcon.colcon_installed_package_information.package_discovery:Found 4 installed packages in /home/prathmesh2931/twin_ws/install
[0.250s] DEBUG:colcon.colcon_installed_package_information.package_discovery:Found 508 installed packages in /opt/ros/humble
[0.252s] Level 1:colcon.colcon_core.package_discovery:discover_packages(prefix_path) using defaults
[0.286s] Level 5:colcon.colcon_core.verb:set package 'dhanush_srv' build argument 'cmake_args' from command line to 'None'
[0.286s] Level 5:colcon.colcon_core.verb:set package 'dhanush_srv' build argument 'cmake_target' from command line to 'None'
[0.286s] Level 5:colcon.colcon_core.verb:set package 'dhanush_srv' build argument 'cmake_target_skip_unavailable' from command line to 'False'
[0.286s] Level 5:colcon.colcon_core.verb:set package 'dhanush_srv' build argument 'cmake_clean_cache' from command line to 'False'
[0.286s] Level 5:colcon.colcon_core.verb:set package 'dhanush_srv' build argument 'cmake_clean_first' from command line to 'False'
[0.286s] Level 5:colcon.colcon_core.verb:set package 'dhanush_srv' build argument 'cmake_force_configure' from command line to 'False'
[0.286s] Level 5:colcon.colcon_core.verb:set package 'dhanush_srv' build argument 'ament_cmake_args' from command line to 'None'
[0.286s] Level 5:colcon.colcon_core.verb:set package 'dhanush_srv' build argument 'catkin_cmake_args' from command line to 'None'
[0.286s] Level 5:colcon.colcon_core.verb:set package 'dhanush_srv' build argument 'catkin_skip_building_tests' from command line to 'False'
[0.286s] DEBUG:colcon.colcon_core.verb:Building package 'dhanush_srv' with the following arguments: {'ament_cmake_args': None, 'build_base': '/home/prathmesh2931/dhanush_srv/build/dhanush_srv', 'catkin_cmake_args': None, 'catkin_skip_building_tests': False, 'cmake_args': None, 'cmake_clean_cache': False, 'cmake_clean_first': False, 'cmake_force_configure': False, 'cmake_target': None, 'cmake_target_skip_unavailable': False, 'install_base': '/home/prathmesh2931/dhanush_srv/install/dhanush_srv', 'merge_install': False, 'path': '/home/prathmesh2931/dhanush_srv', 'symlink_install': False, 'test_result_base': None}
[0.286s] INFO:colcon.colcon_core.executor:Executing jobs using 'parallel' executor
[0.287s] DEBUG:colcon.colcon_parallel_executor.executor.parallel:run_until_complete
[0.287s] INFO:colcon.colcon_ros.task.ament_cmake.build:Building ROS package in '/home/prathmesh2931/dhanush_srv' with build type 'ament_cmake'
[0.288s] INFO:colcon.colcon_cmake.task.cmake.build:Building CMake package in '/home/prathmesh2931/dhanush_srv'
[0.289s] INFO:colcon.colcon_core.plugin_system:Skipping extension 'colcon_core.shell.bat': Not used on non-Windows systems
[0.289s] INFO:colcon.colcon_core.shell:Skip shell extension 'powershell' for command environment: Not usable outside of PowerShell
[0.289s] DEBUG:colcon.colcon_core.shell:Skip shell extension 'dsv' for command environment
[0.299s] DEBUG:colcon.colcon_core.event_handler.log_command:Invoking command in '/home/prathmesh2931/dhanush_srv/build/dhanush_srv': CMAKE_PREFIX_PATH=${CMAKE_PREFIX_PATH}:/home/prathmesh2931/ey_working/install/ur5_control:/home/prathmesh2931/check_ws/install/ur5_control:/home/prathmesh2931/eyantra_task3/install/ur5_control:/home/prathmesh2931/twin_ws/install/zeus_description:/home/prathmesh2931/twin_ws/install/sim_controller:/home/prathmesh2931/twin_ws/install/shooting_set_description:/opt/ros/humble /usr/bin/cmake /home/prathmesh2931/dhanush_srv -DCMAKE_INSTALL_PREFIX=/home/prathmesh2931/dhanush_srv/install/dhanush_srv
[1.357s] DEBUG:colcon.colcon_core.event_handler.log_command:Invoked command in '/home/prathmesh2931/dhanush_srv/build/dhanush_srv' returned '0': CMAKE_PREFIX_PATH=${CMAKE_PREFIX_PATH}:/home/prathmesh2931/ey_working/install/ur5_control:/home/prathmesh2931/check_ws/install/ur5_control:/home/prathmesh2931/eyantra_task3/install/ur5_control:/home/prathmesh2931/twin_ws/install/zeus_description:/home/prathmesh2931/twin_ws/install/sim_controller:/home/prathmesh2931/twin_ws/install/shooting_set_description:/opt/ros/humble /usr/bin/cmake /home/prathmesh2931/dhanush_srv -DCMAKE_INSTALL_PREFIX=/home/prathmesh2931/dhanush_srv/install/dhanush_srv
[1.359s] DEBUG:colcon.colcon_core.event_handler.log_command:Invoking command in '/home/prathmesh2931/dhanush_srv/build/dhanush_srv': CMAKE_PREFIX_PATH=${CMAKE_PREFIX_PATH}:/home/prathmesh2931/ey_working/install/ur5_control:/home/prathmesh2931/check_ws/install/ur5_control:/home/prathmesh2931/eyantra_task3/install/ur5_control:/home/prathmesh2931/twin_ws/install/zeus_description:/home/prathmesh2931/twin_ws/install/sim_controller:/home/prathmesh2931/twin_ws/install/shooting_set_description:/opt/ros/humble /usr/bin/cmake --build /home/prathmesh2931/dhanush_srv/build/dhanush_srv -- -j12 -l12
[2.895s] DEBUG:colcon.colcon_core.event_handler.log_command:Invoked command in '/home/prathmesh2931/dhanush_srv/build/dhanush_srv' returned '0': CMAKE_PREFIX_PATH=${CMAKE_PREFIX_PATH}:/home/prathmesh2931/ey_working/install/ur5_control:/home/prathmesh2931/check_ws/install/ur5_control:/home/prathmesh2931/eyantra_task3/install/ur5_control:/home/prathmesh2931/twin_ws/install/zeus_description:/home/prathmesh2931/twin_ws/install/sim_controller:/home/prathmesh2931/twin_ws/install/shooting_set_description:/opt/ros/humble /usr/bin/cmake --build /home/prathmesh2931/dhanush_srv/build/dhanush_srv -- -j12 -l12
[2.904s] DEBUG:colcon.colcon_core.event_handler.log_command:Invoking command in '/home/prathmesh2931/dhanush_srv/build/dhanush_srv': CMAKE_PREFIX_PATH=${CMAKE_PREFIX_PATH}:/home/prathmesh2931/ey_working/install/ur5_control:/home/prathmesh2931/check_ws/install/ur5_control:/home/prathmesh2931/eyantra_task3/install/ur5_control:/home/prathmesh2931/twin_ws/install/zeus_description:/home/prathmesh2931/twin_ws/install/sim_controller:/home/prathmesh2931/twin_ws/install/shooting_set_description:/opt/ros/humble /usr/bin/cmake --install /home/prathmesh2931/dhanush_srv/build/dhanush_srv
[2.955s] Level 1:colcon.colcon_core.environment:create_environment_scripts_only(dhanush_srv)
[2.956s] DEBUG:colcon.colcon_core.event_handler.log_command:Invoked command in '/home/prathmesh2931/dhanush_srv/build/dhanush_srv' returned '0': CMAKE_PREFIX_PATH=${CMAKE_PREFIX_PATH}:/home/prathmesh2931/ey_working/install/ur5_control:/home/prathmesh2931/check_ws/install/ur5_control:/home/prathmesh2931/eyantra_task3/install/ur5_control:/home/prathmesh2931/twin_ws/install/zeus_description:/home/prathmesh2931/twin_ws/install/sim_controller:/home/prathmesh2931/twin_ws/install/shooting_set_description:/opt/ros/humble /usr/bin/cmake --install /home/prathmesh2931/dhanush_srv/build/dhanush_srv
[2.957s] Level 1:colcon.colcon_core.environment:checking '/home/prathmesh2931/dhanush_srv/install/dhanush_srv' for CMake module files
[2.958s] Level 1:colcon.colcon_core.environment:checking '/home/prathmesh2931/dhanush_srv/install/dhanush_srv' for CMake config files
[2.958s] Level 1:colcon.colcon_core.shell:create_environment_hook('dhanush_srv', 'cmake_prefix_path')
[2.958s] INFO:colcon.colcon_core.shell:Creating environment hook '/home/prathmesh2931/dhanush_srv/install/dhanush_srv/share/dhanush_srv/hook/cmake_prefix_path.ps1'
[2.959s] INFO:colcon.colcon_core.shell:Creating environment descriptor '/home/prathmesh2931/dhanush_srv/install/dhanush_srv/share/dhanush_srv/hook/cmake_prefix_path.dsv'
[2.959s] INFO:colcon.colcon_core.shell:Creating environment hook '/home/prathmesh2931/dhanush_srv/install/dhanush_srv/share/dhanush_srv/hook/cmake_prefix_path.sh'
[2.960s] Level 1:colcon.colcon_core.environment:checking '/home/prathmesh2931/dhanush_srv/install/dhanush_srv/lib'
[2.960s] Level 1:colcon.colcon_core.shell:create_environment_hook('dhanush_srv', 'ld_library_path_lib')
[2.960s] INFO:colcon.colcon_core.shell:Creating environment hook '/home/prathmesh2931/dhanush_srv/install/dhanush_srv/share/dhanush_srv/hook/ld_library_path_lib.ps1'
[2.960s] INFO:colcon.colcon_core.shell:Creating environment descriptor '/home/prathmesh2931/dhanush_srv/install/dhanush_srv/share/dhanush_srv/hook/ld_library_path_lib.dsv'
[2.961s] INFO:colcon.colcon_core.shell:Creating environment hook '/home/prathmesh2931/dhanush_srv/install/dhanush_srv/share/dhanush_srv/hook/ld_library_path_lib.sh'
[2.961s] Level 1:colcon.colcon_core.environment:checking '/home/prathmesh2931/dhanush_srv/install/dhanush_srv/bin'
[2.961s] Level 1:colcon.colcon_core.environment:checking '/home/prathmesh2931/dhanush_srv/install/dhanush_srv/lib/pkgconfig/dhanush_srv.pc'
[2.961s] Level 1:colcon.colcon_core.environment:checking '/home/prathmesh2931/dhanush_srv/install/dhanush_srv/lib/python3.10/site-packages'
[2.961s] Level 1:colcon.colcon_core.environment:checking '/home/prathmesh2931/dhanush_srv/install/dhanush_srv/bin'
[2.961s] INFO:colcon.colcon_core.shell:Creating package script '/home/prathmesh2931/dhanush_srv/install/dhanush_srv/share/dhanush_srv/package.ps1'
[2.962s] INFO:colcon.colcon_core.shell:Creating package descriptor '/home/prathmesh2931/dhanush_srv/install/dhanush_srv/share/dhanush_srv/package.dsv'
[2.962s] INFO:colcon.colcon_core.shell:Creating package script '/home/prathmesh2931/dhanush_srv/install/dhanush_srv/share/dhanush_srv/package.sh'
[2.963s] INFO:colcon.colcon_core.shell:Creating package script '/home/prathmesh2931/dhanush_srv/install/dhanush_srv/share/dhanush_srv/package.bash'
[2.963s] INFO:colcon.colcon_core.shell:Creating package script '/home/prathmesh2931/dhanush_srv/install/dhanush_srv/share/dhanush_srv/package.zsh'
[2.963s] Level 1:colcon.colcon_core.environment:create_file_with_runtime_dependencies(/home/prathmesh2931/dhanush_srv/install/dhanush_srv/share/colcon-core/packages/dhanush_srv)
[2.964s] Level 1:colcon.colcon_core.environment:create_environment_scripts_only(dhanush_srv)
[2.964s] Level 1:colcon.colcon_core.environment:checking '/home/prathmesh2931/dhanush_srv/install/dhanush_srv' for CMake module files
[2.964s] Level 1:colcon.colcon_core.environment:checking '/home/prathmesh2931/dhanush_srv/install/dhanush_srv' for CMake config files
[2.965s] Level 1:colcon.colcon_core.shell:create_environment_hook('dhanush_srv', 'cmake_prefix_path')
[2.965s] INFO:colcon.colcon_core.shell:Creating environment hook '/home/prathmesh2931/dhanush_srv/install/dhanush_srv/share/dhanush_srv/hook/cmake_prefix_path.ps1'
[2.965s] INFO:colcon.colcon_core.shell:Creating environment descriptor '/home/prathmesh2931/dhanush_srv/install/dhanush_srv/share/dhanush_srv/hook/cmake_prefix_path.dsv'
[2.965s] INFO:colcon.colcon_core.shell:Creating environment hook '/home/prathmesh2931/dhanush_srv/install/dhanush_srv/share/dhanush_srv/hook/cmake_prefix_path.sh'
[2.965s] Level 1:colcon.colcon_core.environment:checking '/home/prathmesh2931/dhanush_srv/install/dhanush_srv/lib'
[2.965s] Level 1:colcon.colcon_core.shell:create_environment_hook('dhanush_srv', 'ld_library_path_lib')
[2.966s] INFO:colcon.colcon_core.shell:Creating environment hook '/home/prathmesh2931/dhanush_srv/install/dhanush_srv/share/dhanush_srv/hook/ld_library_path_lib.ps1'
[2.966s] INFO:colcon.colcon_core.shell:Creating environment descriptor '/home/prathmesh2931/dhanush_srv/install/dhanush_srv/share/dhanush_srv/hook/ld_library_path_lib.dsv'
[2.966s] INFO:colcon.colcon_core.shell:Creating environment hook '/home/prathmesh2931/dhanush_srv/install/dhanush_srv/share/dhanush_srv/hook/ld_library_path_lib.sh'
[2.966s] Level 1:colcon.colcon_core.environment:checking '/home/prathmesh2931/dhanush_srv/install/dhanush_srv/bin'
[2.966s] Level 1:colcon.colcon_core.environment:checking '/home/prathmesh2931/dhanush_srv/install/dhanush_srv/lib/pkgconfig/dhanush_srv.pc'
[2.966s] Level 1:colcon.colcon_core.environment:checking '/home/prathmesh2931/dhanush_srv/install/dhanush_srv/lib/python3.10/site-packages'
[2.967s] Level 1:colcon.colcon_core.environment:checking '/home/prathmesh2931/dhanush_srv/install/dhanush_srv/bin'
[2.967s] INFO:colcon.colcon_core.shell:Creating package script '/home/prathmesh2931/dhanush_srv/install/dhanush_srv/share/dhanush_srv/package.ps1'
[2.967s] INFO:colcon.colcon_core.shell:Creating package descriptor '/home/prathmesh2931/dhanush_srv/install/dhanush_srv/share/dhanush_srv/package.dsv'
[2.967s] INFO:colcon.colcon_core.shell:Creating package script '/home/prathmesh2931/dhanush_srv/install/dhanush_srv/share/dhanush_srv/package.sh'
[2.968s] INFO:colcon.colcon_core.shell:Creating package script '/home/prathmesh2931/dhanush_srv/install/dhanush_srv/share/dhanush_srv/package.bash'
[2.968s] INFO:colcon.colcon_core.shell:Creating package script '/home/prathmesh2931/dhanush_srv/install/dhanush_srv/share/dhanush_srv/package.zsh'
[2.968s] Level 1:colcon.colcon_core.environment:create_file_with_runtime_dependencies(/home/prathmesh2931/dhanush_srv/install/dhanush_srv/share/colcon-core/packages/dhanush_srv)
[2.968s] DEBUG:colcon.colcon_parallel_executor.executor.parallel:closing loop
[2.968s] DEBUG:colcon.colcon_parallel_executor.executor.parallel:loop closed
[2.969s] DEBUG:colcon.colcon_parallel_executor.executor.parallel:run_until_complete finished with '0'
[2.969s] DEBUG:colcon.colcon_core.event_reactor:joining thread
[2.974s] INFO:colcon.colcon_core.plugin_system:Skipping extension 'colcon_notification.desktop_notification.terminal_notifier': Not used on non-Darwin systems
[2.974s] INFO:colcon.colcon_core.plugin_system:Skipping extension 'colcon_notification.desktop_notification.win32': Not used on non-Windows systems
[2.974s] INFO:colcon.colcon_notification.desktop_notification:Sending desktop notification using 'notify2'
[2.989s] DEBUG:colcon.colcon_core.event_reactor:joined thread
[2.989s] INFO:colcon.colcon_core.shell:Creating prefix script '/home/prathmesh2931/dhanush_srv/install/local_setup.ps1'
[2.990s] INFO:colcon.colcon_core.shell:Creating prefix util module '/home/prathmesh2931/dhanush_srv/install/_local_setup_util_ps1.py'
[2.992s] INFO:colcon.colcon_core.shell:Creating prefix chain script '/home/prathmesh2931/dhanush_srv/install/setup.ps1'
[2.995s] INFO:colcon.colcon_core.shell:Creating prefix script '/home/prathmesh2931/dhanush_srv/install/local_setup.sh'
[2.996s] INFO:colcon.colcon_core.shell:Creating prefix util module '/home/prathmesh2931/dhanush_srv/install/_local_setup_util_sh.py'
[2.996s] INFO:colcon.colcon_core.shell:Creating prefix chain script '/home/prathmesh2931/dhanush_srv/install/setup.sh'
[2.998s] INFO:colcon.colcon_core.shell:Creating prefix script '/home/prathmesh2931/dhanush_srv/install/local_setup.bash'
[2.999s] INFO:colcon.colcon_core.shell:Creating prefix chain script '/home/prathmesh2931/dhanush_srv/install/setup.bash'
[3.000s] INFO:colcon.colcon_core.shell:Creating prefix script '/home/prathmesh2931/dhanush_srv/install/local_setup.zsh'
[3.001s] INFO:colcon.colcon_core.shell:Creating prefix chain script '/home/prathmesh2931/dhanush_srv/install/setup.zsh'
