[0.011s] Invoking command in '/home/prathmesh2931/dhanush_srv/build/dhanush_srv': CMAKE_PREFIX_PATH=${CMAKE_PREFIX_PATH}:/home/prathmesh2931/ey_working/install/ur5_control:/home/prathmesh2931/check_ws/install/ur5_control:/home/prathmesh2931/eyantra_task3/install/ur5_control:/home/prathmesh2931/twin_ws/install/zeus_description:/home/prathmesh2931/twin_ws/install/sim_controller:/home/prathmesh2931/twin_ws/install/shooting_set_description:/opt/ros/humble /usr/bin/cmake /home/prathmesh2931/dhanush_srv -DCMAKE_INSTALL_PREFIX=/home/prathmesh2931/dhanush_srv/install/dhanush_srv
[0.023s] -- Found ament_cmake: 1.3.11 (/opt/ros/humble/share/ament_cmake/cmake)
[0.147s] -- Found rosidl_default_generators: 1.2.0 (/opt/ros/humble/share/rosidl_default_generators/cmake)
[0.152s] -- Using all available rosidl_typesupport_c: rosidl_typesupport_fastrtps_c;rosidl_typesupport_introspection_c
[0.154s] -- Found rosidl_adapter: 3.1.6 (/opt/ros/humble/share/rosidl_adapter/cmake)
[0.176s] -- Using all available rosidl_typesupport_cpp: rosidl_typesupport_fastrtps_cpp;rosidl_typesupport_introspection_cpp
[0.430s] -- Found ament_cmake_ros: 0.10.0 (/opt/ros/humble/share/ament_cmake_ros/cmake)
[0.609s] -- Using all available rosidl_typesupport_c: rosidl_typesupport_fastrtps_c;rosidl_typesupport_introspection_c
[0.885s] -- Using all available rosidl_typesupport_cpp: rosidl_typesupport_fastrtps_cpp;rosidl_typesupport_introspection_cpp
[0.916s] -- Found PythonInterp: /usr/bin/python3 (found suitable version "3.10.12", minimum required is "3.6") 
[0.920s] -- Found python_cmake_module: 0.10.0 (/opt/ros/humble/share/python_cmake_module/cmake)
[0.954s] -- Found PythonLibs: /usr/lib/x86_64-linux-gnu/libpython3.10.so (found suitable version "3.10.12", minimum required is "3.5") 
[0.955s] -- Using PYTHON_EXECUTABLE: /usr/bin/python3
[0.955s] -- Using PYTHON_INCLUDE_DIRS: /usr/include/python3.10
[0.955s] -- Using PYTHON_LIBRARIES: /usr/lib/x86_64-linux-gnu/libpython3.10.so
[0.987s] -- Found PythonExtra: .so  
[1.029s] -- Found ament_lint_auto: 0.12.11 (/opt/ros/humble/share/ament_lint_auto/cmake)
[1.044s] -- Configuring done
[1.059s] -- Generating done
[1.065s] -- Build files have been written to: /home/prathmesh2931/dhanush_srv/build/dhanush_srv
[1.069s] Invoked command in '/home/prathmesh2931/dhanush_srv/build/dhanush_srv' returned '0': CMAKE_PREFIX_PATH=${CMAKE_PREFIX_PATH}:/home/prathmesh2931/ey_working/install/ur5_control:/home/prathmesh2931/check_ws/install/ur5_control:/home/prathmesh2931/eyantra_task3/install/ur5_control:/home/prathmesh2931/twin_ws/install/zeus_description:/home/prathmesh2931/twin_ws/install/sim_controller:/home/prathmesh2931/twin_ws/install/shooting_set_description:/opt/ros/humble /usr/bin/cmake /home/prathmesh2931/dhanush_srv -DCMAKE_INSTALL_PREFIX=/home/prathmesh2931/dhanush_srv/install/dhanush_srv
[1.071s] Invoking command in '/home/prathmesh2931/dhanush_srv/build/dhanush_srv': CMAKE_PREFIX_PATH=${CMAKE_PREFIX_PATH}:/home/prathmesh2931/ey_working/install/ur5_control:/home/prathmesh2931/check_ws/install/ur5_control:/home/prathmesh2931/eyantra_task3/install/ur5_control:/home/prathmesh2931/twin_ws/install/zeus_description:/home/prathmesh2931/twin_ws/install/sim_controller:/home/prathmesh2931/twin_ws/install/shooting_set_description:/opt/ros/humble /usr/bin/cmake --build /home/prathmesh2931/dhanush_srv/build/dhanush_srv -- -j12 -l12
[1.116s] [  3%] [34m[1mGenerating C code for ROS interfaces[0m
[1.129s] [  6%] [34m[1mGenerating C++ code for ROS interfaces[0m
[1.134s] [  6%] Built target ament_cmake_python_copy_dhanush_srv
[1.325s] [  9%] [32mBuilding C object CMakeFiles/dhanush_srv__rosidl_generator_c.dir/rosidl_generator_c/dhanush_srv/srv/detail/speed_angle__functions.c.o[0m
[1.326s] [  9%] Built target dhanush_srv__cpp
[1.334s] [ 16%] [34m[1mGenerating C++ type support for eProsima Fast-RTPS[0m
[1.335s] [ 16%] [34m[1mGenerating C++ type support dispatch for ROS interfaces[0m
[1.338s] [ 19%] [34m[1mGenerating C++ introspection for ROS interfaces[0m
[1.355s] running egg_info
[1.355s] creating dhanush_srv.egg-info
[1.356s] writing dhanush_srv.egg-info/PKG-INFO
[1.356s] writing dependency_links to dhanush_srv.egg-info/dependency_links.txt
[1.356s] writing top-level names to dhanush_srv.egg-info/top_level.txt
[1.356s] writing manifest file 'dhanush_srv.egg-info/SOURCES.txt'
[1.358s] reading manifest file 'dhanush_srv.egg-info/SOURCES.txt'
[1.358s] writing manifest file 'dhanush_srv.egg-info/SOURCES.txt'
[1.385s] [ 19%] Built target ament_cmake_python_build_dhanush_srv_egg
[1.399s] [ 22%] [32m[1mLinking C shared library libdhanush_srv__rosidl_generator_c.so[0m
[1.440s] [ 22%] Built target dhanush_srv__rosidl_generator_c
[1.449s] [ 25%] [34m[1mGenerating C type support dispatch for ROS interfaces[0m
[1.452s] [ 29%] [34m[1mGenerating C introspection for ROS interfaces[0m
[1.453s] [ 32%] [34m[1mGenerating C type support for eProsima Fast-RTPS[0m
[1.515s] [ 35%] [32mBuilding CXX object CMakeFiles/dhanush_srv__rosidl_typesupport_cpp.dir/rosidl_typesupport_cpp/dhanush_srv/srv/speed_angle__type_support.cpp.o[0m
[1.535s] [ 38%] [32mBuilding CXX object CMakeFiles/dhanush_srv__rosidl_typesupport_introspection_cpp.dir/rosidl_typesupport_introspection_cpp/dhanush_srv/srv/detail/speed_angle__type_support.cpp.o[0m
[1.544s] [ 41%] [32mBuilding CXX object CMakeFiles/dhanush_srv__rosidl_typesupport_fastrtps_cpp.dir/rosidl_typesupport_fastrtps_cpp/dhanush_srv/srv/detail/dds_fastrtps/speed_angle__type_support.cpp.o[0m
[1.643s] [ 45%] [32mBuilding C object CMakeFiles/dhanush_srv__rosidl_typesupport_introspection_c.dir/rosidl_typesupport_introspection_c/dhanush_srv/srv/detail/speed_angle__type_support.c.o[0m
[1.670s] [ 48%] [32m[1mLinking C shared library libdhanush_srv__rosidl_typesupport_introspection_c.so[0m
[1.681s] [ 51%] [32mBuilding CXX object CMakeFiles/dhanush_srv__rosidl_typesupport_fastrtps_c.dir/rosidl_typesupport_fastrtps_c/dhanush_srv/srv/detail/speed_angle__type_support_c.cpp.o[0m
[1.705s] [ 51%] Built target dhanush_srv__rosidl_typesupport_introspection_c
[1.709s] [ 54%] [32m[1mLinking CXX shared library libdhanush_srv__rosidl_typesupport_cpp.so[0m
[1.753s] [ 58%] [32mBuilding CXX object CMakeFiles/dhanush_srv__rosidl_typesupport_c.dir/rosidl_typesupport_c/dhanush_srv/srv/speed_angle__type_support.cpp.o[0m
[1.760s] [ 58%] Built target dhanush_srv__rosidl_typesupport_cpp
[1.796s] [ 61%] [32m[1mLinking CXX shared library libdhanush_srv__rosidl_typesupport_c.so[0m
[1.825s] [ 64%] [32m[1mLinking CXX shared library libdhanush_srv__rosidl_typesupport_fastrtps_cpp.so[0m
[1.832s] [ 64%] Built target dhanush_srv__rosidl_typesupport_c
[1.835s] [ 67%] [32m[1mLinking CXX shared library libdhanush_srv__rosidl_typesupport_introspection_cpp.so[0m
[1.880s] [ 67%] Built target dhanush_srv__rosidl_typesupport_introspection_cpp
[1.886s] [ 67%] Built target dhanush_srv__rosidl_typesupport_fastrtps_cpp
[1.900s] [ 70%] [32m[1mLinking CXX shared library libdhanush_srv__rosidl_typesupport_fastrtps_c.so[0m
[1.970s] [ 70%] Built target dhanush_srv__rosidl_typesupport_fastrtps_c
[1.998s] [ 70%] Built target dhanush_srv
[2.026s] [ 74%] [34m[1mGenerating Python code for ROS interfaces[0m
[2.279s] [ 74%] Built target dhanush_srv__py
[2.310s] [ 77%] [32mBuilding C object CMakeFiles/dhanush_srv__rosidl_generator_py.dir/rosidl_generator_py/dhanush_srv/srv/_speed_angle_s.c.o[0m
[2.417s] [ 80%] [32m[1mLinking C shared library rosidl_generator_py/dhanush_srv/libdhanush_srv__rosidl_generator_py.so[0m
[2.468s] [ 80%] Built target dhanush_srv__rosidl_generator_py
[2.498s] [ 83%] [32mBuilding C object CMakeFiles/dhanush_srv__rosidl_typesupport_fastrtps_c__pyext.dir/rosidl_generator_py/dhanush_srv/_dhanush_srv_s.ep.rosidl_typesupport_fastrtps_c.c.o[0m
[2.499s] [ 87%] [32mBuilding C object CMakeFiles/dhanush_srv__rosidl_typesupport_c__pyext.dir/rosidl_generator_py/dhanush_srv/_dhanush_srv_s.ep.rosidl_typesupport_c.c.o[0m
[2.500s] [ 90%] [32mBuilding C object CMakeFiles/dhanush_srv__rosidl_typesupport_introspection_c__pyext.dir/rosidl_generator_py/dhanush_srv/_dhanush_srv_s.ep.rosidl_typesupport_introspection_c.c.o[0m
[2.563s] [ 93%] [32m[1mLinking C shared library rosidl_generator_py/dhanush_srv/dhanush_srv_s__rosidl_typesupport_c.cpython-310-x86_64-linux-gnu.so[0m
[2.566s] [ 96%] [32m[1mLinking C shared library rosidl_generator_py/dhanush_srv/dhanush_srv_s__rosidl_typesupport_fastrtps_c.cpython-310-x86_64-linux-gnu.so[0m
[2.566s] [100%] [32m[1mLinking C shared library rosidl_generator_py/dhanush_srv/dhanush_srv_s__rosidl_typesupport_introspection_c.cpython-310-x86_64-linux-gnu.so[0m
[2.590s] [100%] Built target dhanush_srv__rosidl_typesupport_introspection_c__pyext
[2.593s] [100%] Built target dhanush_srv__rosidl_typesupport_fastrtps_c__pyext
[2.595s] [100%] Built target dhanush_srv__rosidl_typesupport_c__pyext
[2.607s] Invoked command in '/home/prathmesh2931/dhanush_srv/build/dhanush_srv' returned '0': CMAKE_PREFIX_PATH=${CMAKE_PREFIX_PATH}:/home/prathmesh2931/ey_working/install/ur5_control:/home/prathmesh2931/check_ws/install/ur5_control:/home/prathmesh2931/eyantra_task3/install/ur5_control:/home/prathmesh2931/twin_ws/install/zeus_description:/home/prathmesh2931/twin_ws/install/sim_controller:/home/prathmesh2931/twin_ws/install/shooting_set_description:/opt/ros/humble /usr/bin/cmake --build /home/prathmesh2931/dhanush_srv/build/dhanush_srv -- -j12 -l12
[2.616s] Invoking command in '/home/prathmesh2931/dhanush_srv/build/dhanush_srv': CMAKE_PREFIX_PATH=${CMAKE_PREFIX_PATH}:/home/prathmesh2931/ey_working/install/ur5_control:/home/prathmesh2931/check_ws/install/ur5_control:/home/prathmesh2931/eyantra_task3/install/ur5_control:/home/prathmesh2931/twin_ws/install/zeus_description:/home/prathmesh2931/twin_ws/install/sim_controller:/home/prathmesh2931/twin_ws/install/shooting_set_description:/opt/ros/humble /usr/bin/cmake --install /home/prathmesh2931/dhanush_srv/build/dhanush_srv
[2.622s] -- Install configuration: ""
[2.622s] -- Installing: /home/prathmesh2931/dhanush_srv/install/dhanush_srv/share/ament_index/resource_index/rosidl_interfaces/dhanush_srv
[2.622s] -- Installing: /home/prathmesh2931/dhanush_srv/install/dhanush_srv/include/dhanush_srv/dhanush_srv
[2.622s] -- Installing: /home/prathmesh2931/dhanush_srv/install/dhanush_srv/include/dhanush_srv/dhanush_srv/srv
[2.622s] -- Installing: /home/prathmesh2931/dhanush_srv/install/dhanush_srv/include/dhanush_srv/dhanush_srv/srv/speed_angle.h
[2.622s] -- Installing: /home/prathmesh2931/dhanush_srv/install/dhanush_srv/include/dhanush_srv/dhanush_srv/srv/detail
[2.622s] -- Installing: /home/prathmesh2931/dhanush_srv/install/dhanush_srv/include/dhanush_srv/dhanush_srv/srv/detail/speed_angle__struct.h
[2.622s] -- Installing: /home/prathmesh2931/dhanush_srv/install/dhanush_srv/include/dhanush_srv/dhanush_srv/srv/detail/speed_angle__functions.c
[2.623s] -- Installing: /home/prathmesh2931/dhanush_srv/install/dhanush_srv/include/dhanush_srv/dhanush_srv/srv/detail/speed_angle__functions.h
[2.623s] -- Installing: /home/prathmesh2931/dhanush_srv/install/dhanush_srv/include/dhanush_srv/dhanush_srv/srv/detail/speed_angle__type_support.h
[2.623s] -- Installing: /home/prathmesh2931/dhanush_srv/install/dhanush_srv/include/dhanush_srv/dhanush_srv/msg
[2.623s] -- Installing: /home/prathmesh2931/dhanush_srv/install/dhanush_srv/include/dhanush_srv/dhanush_srv/msg/rosidl_generator_c__visibility_control.h
[2.623s] -- Installing: /home/prathmesh2931/dhanush_srv/install/dhanush_srv/share/dhanush_srv/environment/library_path.sh
[2.623s] -- Installing: /home/prathmesh2931/dhanush_srv/install/dhanush_srv/share/dhanush_srv/environment/library_path.dsv
[2.623s] -- Installing: /home/prathmesh2931/dhanush_srv/install/dhanush_srv/lib/libdhanush_srv__rosidl_generator_c.so
[2.623s] -- Set runtime path of "/home/prathmesh2931/dhanush_srv/install/dhanush_srv/lib/libdhanush_srv__rosidl_generator_c.so" to ""
[2.623s] -- Up-to-date: /home/prathmesh2931/dhanush_srv/install/dhanush_srv/include/dhanush_srv/dhanush_srv
[2.623s] -- Up-to-date: /home/prathmesh2931/dhanush_srv/install/dhanush_srv/include/dhanush_srv/dhanush_srv/srv
[2.623s] -- Up-to-date: /home/prathmesh2931/dhanush_srv/install/dhanush_srv/include/dhanush_srv/dhanush_srv/srv/detail
[2.623s] -- Installing: /home/prathmesh2931/dhanush_srv/install/dhanush_srv/include/dhanush_srv/dhanush_srv/srv/detail/speed_angle__rosidl_typesupport_fastrtps_c.h
[2.623s] -- Up-to-date: /home/prathmesh2931/dhanush_srv/install/dhanush_srv/include/dhanush_srv/dhanush_srv/msg
[2.623s] -- Installing: /home/prathmesh2931/dhanush_srv/install/dhanush_srv/include/dhanush_srv/dhanush_srv/msg/rosidl_typesupport_fastrtps_c__visibility_control.h
[2.623s] -- Installing: /home/prathmesh2931/dhanush_srv/install/dhanush_srv/lib/libdhanush_srv__rosidl_typesupport_fastrtps_c.so
[2.623s] -- Set runtime path of "/home/prathmesh2931/dhanush_srv/install/dhanush_srv/lib/libdhanush_srv__rosidl_typesupport_fastrtps_c.so" to ""
[2.623s] -- Up-to-date: /home/prathmesh2931/dhanush_srv/install/dhanush_srv/include/dhanush_srv/dhanush_srv
[2.623s] -- Up-to-date: /home/prathmesh2931/dhanush_srv/install/dhanush_srv/include/dhanush_srv/dhanush_srv/srv
[2.623s] -- Up-to-date: /home/prathmesh2931/dhanush_srv/install/dhanush_srv/include/dhanush_srv/dhanush_srv/srv/detail
[2.623s] -- Installing: /home/prathmesh2931/dhanush_srv/install/dhanush_srv/include/dhanush_srv/dhanush_srv/srv/detail/speed_angle__type_support.c
[2.623s] -- Installing: /home/prathmesh2931/dhanush_srv/install/dhanush_srv/include/dhanush_srv/dhanush_srv/srv/detail/speed_angle__rosidl_typesupport_introspection_c.h
[2.624s] -- Up-to-date: /home/prathmesh2931/dhanush_srv/install/dhanush_srv/include/dhanush_srv/dhanush_srv/msg
[2.624s] -- Installing: /home/prathmesh2931/dhanush_srv/install/dhanush_srv/include/dhanush_srv/dhanush_srv/msg/rosidl_typesupport_introspection_c__visibility_control.h
[2.624s] -- Installing: /home/prathmesh2931/dhanush_srv/install/dhanush_srv/lib/libdhanush_srv__rosidl_typesupport_introspection_c.so
[2.624s] -- Set runtime path of "/home/prathmesh2931/dhanush_srv/install/dhanush_srv/lib/libdhanush_srv__rosidl_typesupport_introspection_c.so" to ""
[2.624s] -- Installing: /home/prathmesh2931/dhanush_srv/install/dhanush_srv/lib/libdhanush_srv__rosidl_typesupport_c.so
[2.624s] -- Set runtime path of "/home/prathmesh2931/dhanush_srv/install/dhanush_srv/lib/libdhanush_srv__rosidl_typesupport_c.so" to ""
[2.624s] -- Up-to-date: /home/prathmesh2931/dhanush_srv/install/dhanush_srv/include/dhanush_srv/dhanush_srv
[2.624s] -- Up-to-date: /home/prathmesh2931/dhanush_srv/install/dhanush_srv/include/dhanush_srv/dhanush_srv/srv
[2.624s] -- Installing: /home/prathmesh2931/dhanush_srv/install/dhanush_srv/include/dhanush_srv/dhanush_srv/srv/speed_angle.hpp
[2.624s] -- Up-to-date: /home/prathmesh2931/dhanush_srv/install/dhanush_srv/include/dhanush_srv/dhanush_srv/srv/detail
[2.624s] -- Installing: /home/prathmesh2931/dhanush_srv/install/dhanush_srv/include/dhanush_srv/dhanush_srv/srv/detail/speed_angle__struct.hpp
[2.624s] -- Installing: /home/prathmesh2931/dhanush_srv/install/dhanush_srv/include/dhanush_srv/dhanush_srv/srv/detail/speed_angle__traits.hpp
[2.624s] -- Installing: /home/prathmesh2931/dhanush_srv/install/dhanush_srv/include/dhanush_srv/dhanush_srv/srv/detail/speed_angle__type_support.hpp
[2.624s] -- Installing: /home/prathmesh2931/dhanush_srv/install/dhanush_srv/include/dhanush_srv/dhanush_srv/srv/detail/speed_angle__builder.hpp
[2.624s] -- Up-to-date: /home/prathmesh2931/dhanush_srv/install/dhanush_srv/include/dhanush_srv/dhanush_srv/msg
[2.624s] -- Installing: /home/prathmesh2931/dhanush_srv/install/dhanush_srv/include/dhanush_srv/dhanush_srv/msg/rosidl_generator_cpp__visibility_control.hpp
[2.624s] -- Up-to-date: /home/prathmesh2931/dhanush_srv/install/dhanush_srv/include/dhanush_srv/dhanush_srv
[2.624s] -- Up-to-date: /home/prathmesh2931/dhanush_srv/install/dhanush_srv/include/dhanush_srv/dhanush_srv/srv
[2.624s] -- Up-to-date: /home/prathmesh2931/dhanush_srv/install/dhanush_srv/include/dhanush_srv/dhanush_srv/srv/detail
[2.624s] -- Installing: /home/prathmesh2931/dhanush_srv/install/dhanush_srv/include/dhanush_srv/dhanush_srv/srv/detail/dds_fastrtps
[2.624s] -- Installing: /home/prathmesh2931/dhanush_srv/install/dhanush_srv/include/dhanush_srv/dhanush_srv/srv/detail/speed_angle__rosidl_typesupport_fastrtps_cpp.hpp
[2.624s] -- Up-to-date: /home/prathmesh2931/dhanush_srv/install/dhanush_srv/include/dhanush_srv/dhanush_srv/msg
[2.624s] -- Installing: /home/prathmesh2931/dhanush_srv/install/dhanush_srv/include/dhanush_srv/dhanush_srv/msg/rosidl_typesupport_fastrtps_cpp__visibility_control.h
[2.624s] -- Installing: /home/prathmesh2931/dhanush_srv/install/dhanush_srv/lib/libdhanush_srv__rosidl_typesupport_fastrtps_cpp.so
[2.625s] -- Set runtime path of "/home/prathmesh2931/dhanush_srv/install/dhanush_srv/lib/libdhanush_srv__rosidl_typesupport_fastrtps_cpp.so" to ""
[2.625s] -- Up-to-date: /home/prathmesh2931/dhanush_srv/install/dhanush_srv/include/dhanush_srv/dhanush_srv
[2.625s] -- Up-to-date: /home/prathmesh2931/dhanush_srv/install/dhanush_srv/include/dhanush_srv/dhanush_srv/srv
[2.625s] -- Up-to-date: /home/prathmesh2931/dhanush_srv/install/dhanush_srv/include/dhanush_srv/dhanush_srv/srv/detail
[2.625s] -- Installing: /home/prathmesh2931/dhanush_srv/install/dhanush_srv/include/dhanush_srv/dhanush_srv/srv/detail/speed_angle__type_support.cpp
[2.625s] -- Installing: /home/prathmesh2931/dhanush_srv/install/dhanush_srv/include/dhanush_srv/dhanush_srv/srv/detail/speed_angle__rosidl_typesupport_introspection_cpp.hpp
[2.625s] -- Installing: /home/prathmesh2931/dhanush_srv/install/dhanush_srv/lib/libdhanush_srv__rosidl_typesupport_introspection_cpp.so
[2.625s] -- Set runtime path of "/home/prathmesh2931/dhanush_srv/install/dhanush_srv/lib/libdhanush_srv__rosidl_typesupport_introspection_cpp.so" to ""
[2.625s] -- Installing: /home/prathmesh2931/dhanush_srv/install/dhanush_srv/lib/libdhanush_srv__rosidl_typesupport_cpp.so
[2.625s] -- Set runtime path of "/home/prathmesh2931/dhanush_srv/install/dhanush_srv/lib/libdhanush_srv__rosidl_typesupport_cpp.so" to ""
[2.625s] -- Installing: /home/prathmesh2931/dhanush_srv/install/dhanush_srv/share/dhanush_srv/environment/pythonpath.sh
[2.625s] -- Installing: /home/prathmesh2931/dhanush_srv/install/dhanush_srv/share/dhanush_srv/environment/pythonpath.dsv
[2.625s] -- Installing: /home/prathmesh2931/dhanush_srv/install/dhanush_srv/local/lib/python3.10/dist-packages/dhanush_srv-0.0.0-py3.10.egg-info
[2.625s] -- Installing: /home/prathmesh2931/dhanush_srv/install/dhanush_srv/local/lib/python3.10/dist-packages/dhanush_srv-0.0.0-py3.10.egg-info/dependency_links.txt
[2.625s] -- Installing: /home/prathmesh2931/dhanush_srv/install/dhanush_srv/local/lib/python3.10/dist-packages/dhanush_srv-0.0.0-py3.10.egg-info/PKG-INFO
[2.625s] -- Installing: /home/prathmesh2931/dhanush_srv/install/dhanush_srv/local/lib/python3.10/dist-packages/dhanush_srv-0.0.0-py3.10.egg-info/SOURCES.txt
[2.625s] -- Installing: /home/prathmesh2931/dhanush_srv/install/dhanush_srv/local/lib/python3.10/dist-packages/dhanush_srv-0.0.0-py3.10.egg-info/top_level.txt
[2.625s] -- Installing: /home/prathmesh2931/dhanush_srv/install/dhanush_srv/local/lib/python3.10/dist-packages/dhanush_srv
[2.625s] -- Installing: /home/prathmesh2931/dhanush_srv/install/dhanush_srv/local/lib/python3.10/dist-packages/dhanush_srv/_dhanush_srv_s.ep.rosidl_typesupport_introspection_c.c
[2.625s] -- Installing: /home/prathmesh2931/dhanush_srv/install/dhanush_srv/local/lib/python3.10/dist-packages/dhanush_srv/srv
[2.625s] -- Installing: /home/prathmesh2931/dhanush_srv/install/dhanush_srv/local/lib/python3.10/dist-packages/dhanush_srv/srv/_speed_angle.py
[2.625s] -- Installing: /home/prathmesh2931/dhanush_srv/install/dhanush_srv/local/lib/python3.10/dist-packages/dhanush_srv/srv/__init__.py
[2.625s] -- Installing: /home/prathmesh2931/dhanush_srv/install/dhanush_srv/local/lib/python3.10/dist-packages/dhanush_srv/srv/_speed_angle_s.c
[2.625s] -- Installing: /home/prathmesh2931/dhanush_srv/install/dhanush_srv/local/lib/python3.10/dist-packages/dhanush_srv/_dhanush_srv_s.ep.rosidl_typesupport_c.c
[2.626s] -- Installing: /home/prathmesh2931/dhanush_srv/install/dhanush_srv/local/lib/python3.10/dist-packages/dhanush_srv/_dhanush_srv_s.ep.rosidl_typesupport_fastrtps_c.c
[2.626s] -- Installing: /home/prathmesh2931/dhanush_srv/install/dhanush_srv/local/lib/python3.10/dist-packages/dhanush_srv/dhanush_srv_s__rosidl_typesupport_c.cpython-310-x86_64-linux-gnu.so
[2.626s] -- Installing: /home/prathmesh2931/dhanush_srv/install/dhanush_srv/local/lib/python3.10/dist-packages/dhanush_srv/__init__.py
[2.626s] -- Installing: /home/prathmesh2931/dhanush_srv/install/dhanush_srv/local/lib/python3.10/dist-packages/dhanush_srv/libdhanush_srv__rosidl_generator_py.so
[2.626s] -- Installing: /home/prathmesh2931/dhanush_srv/install/dhanush_srv/local/lib/python3.10/dist-packages/dhanush_srv/dhanush_srv_s__rosidl_typesupport_fastrtps_c.cpython-310-x86_64-linux-gnu.so
[2.626s] -- Installing: /home/prathmesh2931/dhanush_srv/install/dhanush_srv/local/lib/python3.10/dist-packages/dhanush_srv/dhanush_srv_s__rosidl_typesupport_introspection_c.cpython-310-x86_64-linux-gnu.so
[2.658s] Listing '/home/prathmesh2931/dhanush_srv/install/dhanush_srv/local/lib/python3.10/dist-packages/dhanush_srv'...
[2.658s] Compiling '/home/prathmesh2931/dhanush_srv/install/dhanush_srv/local/lib/python3.10/dist-packages/dhanush_srv/__init__.py'...
[2.658s] Listing '/home/prathmesh2931/dhanush_srv/install/dhanush_srv/local/lib/python3.10/dist-packages/dhanush_srv/srv'...
[2.658s] Compiling '/home/prathmesh2931/dhanush_srv/install/dhanush_srv/local/lib/python3.10/dist-packages/dhanush_srv/srv/__init__.py'...
[2.658s] Compiling '/home/prathmesh2931/dhanush_srv/install/dhanush_srv/local/lib/python3.10/dist-packages/dhanush_srv/srv/_speed_angle.py'...
[2.662s] -- Installing: /home/prathmesh2931/dhanush_srv/install/dhanush_srv/local/lib/python3.10/dist-packages/dhanush_srv/dhanush_srv_s__rosidl_typesupport_fastrtps_c.cpython-310-x86_64-linux-gnu.so
[2.662s] -- Set runtime path of "/home/prathmesh2931/dhanush_srv/install/dhanush_srv/local/lib/python3.10/dist-packages/dhanush_srv/dhanush_srv_s__rosidl_typesupport_fastrtps_c.cpython-310-x86_64-linux-gnu.so" to ""
[2.662s] -- Installing: /home/prathmesh2931/dhanush_srv/install/dhanush_srv/local/lib/python3.10/dist-packages/dhanush_srv/dhanush_srv_s__rosidl_typesupport_introspection_c.cpython-310-x86_64-linux-gnu.so
[2.662s] -- Set runtime path of "/home/prathmesh2931/dhanush_srv/install/dhanush_srv/local/lib/python3.10/dist-packages/dhanush_srv/dhanush_srv_s__rosidl_typesupport_introspection_c.cpython-310-x86_64-linux-gnu.so" to ""
[2.662s] -- Installing: /home/prathmesh2931/dhanush_srv/install/dhanush_srv/local/lib/python3.10/dist-packages/dhanush_srv/dhanush_srv_s__rosidl_typesupport_c.cpython-310-x86_64-linux-gnu.so
[2.663s] -- Set runtime path of "/home/prathmesh2931/dhanush_srv/install/dhanush_srv/local/lib/python3.10/dist-packages/dhanush_srv/dhanush_srv_s__rosidl_typesupport_c.cpython-310-x86_64-linux-gnu.so" to ""
[2.663s] -- Installing: /home/prathmesh2931/dhanush_srv/install/dhanush_srv/lib/libdhanush_srv__rosidl_generator_py.so
[2.663s] -- Set runtime path of "/home/prathmesh2931/dhanush_srv/install/dhanush_srv/lib/libdhanush_srv__rosidl_generator_py.so" to ""
[2.663s] -- Installing: /home/prathmesh2931/dhanush_srv/install/dhanush_srv/share/dhanush_srv/srv/SpeedAngle.idl
[2.663s] -- Installing: /home/prathmesh2931/dhanush_srv/install/dhanush_srv/share/dhanush_srv/srv/SpeedAngle.srv
[2.663s] -- Installing: /home/prathmesh2931/dhanush_srv/install/dhanush_srv/share/dhanush_srv/srv/SpeedAngle_Request.msg
[2.663s] -- Installing: /home/prathmesh2931/dhanush_srv/install/dhanush_srv/share/dhanush_srv/srv/SpeedAngle_Response.msg
[2.663s] -- Installing: /home/prathmesh2931/dhanush_srv/install/dhanush_srv/share/ament_index/resource_index/package_run_dependencies/dhanush_srv
[2.664s] -- Installing: /home/prathmesh2931/dhanush_srv/install/dhanush_srv/share/ament_index/resource_index/parent_prefix_path/dhanush_srv
[2.664s] -- Installing: /home/prathmesh2931/dhanush_srv/install/dhanush_srv/share/dhanush_srv/environment/ament_prefix_path.sh
[2.664s] -- Installing: /home/prathmesh2931/dhanush_srv/install/dhanush_srv/share/dhanush_srv/environment/ament_prefix_path.dsv
[2.664s] -- Installing: /home/prathmesh2931/dhanush_srv/install/dhanush_srv/share/dhanush_srv/environment/path.sh
[2.664s] -- Installing: /home/prathmesh2931/dhanush_srv/install/dhanush_srv/share/dhanush_srv/environment/path.dsv
[2.664s] -- Installing: /home/prathmesh2931/dhanush_srv/install/dhanush_srv/share/dhanush_srv/local_setup.bash
[2.664s] -- Installing: /home/prathmesh2931/dhanush_srv/install/dhanush_srv/share/dhanush_srv/local_setup.sh
[2.664s] -- Installing: /home/prathmesh2931/dhanush_srv/install/dhanush_srv/share/dhanush_srv/local_setup.zsh
[2.664s] -- Installing: /home/prathmesh2931/dhanush_srv/install/dhanush_srv/share/dhanush_srv/local_setup.dsv
[2.664s] -- Installing: /home/prathmesh2931/dhanush_srv/install/dhanush_srv/share/dhanush_srv/package.dsv
[2.664s] -- Installing: /home/prathmesh2931/dhanush_srv/install/dhanush_srv/share/ament_index/resource_index/packages/dhanush_srv
[2.664s] -- Installing: /home/prathmesh2931/dhanush_srv/install/dhanush_srv/share/dhanush_srv/cmake/export_dhanush_srv__rosidl_generator_cExport.cmake
[2.665s] -- Installing: /home/prathmesh2931/dhanush_srv/install/dhanush_srv/share/dhanush_srv/cmake/export_dhanush_srv__rosidl_generator_cExport-noconfig.cmake
[2.665s] -- Installing: /home/prathmesh2931/dhanush_srv/install/dhanush_srv/share/dhanush_srv/cmake/export_dhanush_srv__rosidl_typesupport_fastrtps_cExport.cmake
[2.665s] -- Installing: /home/prathmesh2931/dhanush_srv/install/dhanush_srv/share/dhanush_srv/cmake/export_dhanush_srv__rosidl_typesupport_fastrtps_cExport-noconfig.cmake
[2.665s] -- Installing: /home/prathmesh2931/dhanush_srv/install/dhanush_srv/share/dhanush_srv/cmake/dhanush_srv__rosidl_typesupport_introspection_cExport.cmake
[2.665s] -- Installing: /home/prathmesh2931/dhanush_srv/install/dhanush_srv/share/dhanush_srv/cmake/dhanush_srv__rosidl_typesupport_introspection_cExport-noconfig.cmake
[2.665s] -- Installing: /home/prathmesh2931/dhanush_srv/install/dhanush_srv/share/dhanush_srv/cmake/dhanush_srv__rosidl_typesupport_cExport.cmake
[2.665s] -- Installing: /home/prathmesh2931/dhanush_srv/install/dhanush_srv/share/dhanush_srv/cmake/dhanush_srv__rosidl_typesupport_cExport-noconfig.cmake
[2.665s] -- Installing: /home/prathmesh2931/dhanush_srv/install/dhanush_srv/share/dhanush_srv/cmake/export_dhanush_srv__rosidl_generator_cppExport.cmake
[2.665s] -- Installing: /home/prathmesh2931/dhanush_srv/install/dhanush_srv/share/dhanush_srv/cmake/export_dhanush_srv__rosidl_typesupport_fastrtps_cppExport.cmake
[2.665s] -- Installing: /home/prathmesh2931/dhanush_srv/install/dhanush_srv/share/dhanush_srv/cmake/export_dhanush_srv__rosidl_typesupport_fastrtps_cppExport-noconfig.cmake
[2.665s] -- Installing: /home/prathmesh2931/dhanush_srv/install/dhanush_srv/share/dhanush_srv/cmake/dhanush_srv__rosidl_typesupport_introspection_cppExport.cmake
[2.665s] -- Installing: /home/prathmesh2931/dhanush_srv/install/dhanush_srv/share/dhanush_srv/cmake/dhanush_srv__rosidl_typesupport_introspection_cppExport-noconfig.cmake
[2.665s] -- Installing: /home/prathmesh2931/dhanush_srv/install/dhanush_srv/share/dhanush_srv/cmake/dhanush_srv__rosidl_typesupport_cppExport.cmake
[2.665s] -- Installing: /home/prathmesh2931/dhanush_srv/install/dhanush_srv/share/dhanush_srv/cmake/dhanush_srv__rosidl_typesupport_cppExport-noconfig.cmake
[2.665s] -- Installing: /home/prathmesh2931/dhanush_srv/install/dhanush_srv/share/dhanush_srv/cmake/export_dhanush_srv__rosidl_generator_pyExport.cmake
[2.665s] -- Installing: /home/prathmesh2931/dhanush_srv/install/dhanush_srv/share/dhanush_srv/cmake/export_dhanush_srv__rosidl_generator_pyExport-noconfig.cmake
[2.665s] -- Installing: /home/prathmesh2931/dhanush_srv/install/dhanush_srv/share/dhanush_srv/cmake/rosidl_cmake-extras.cmake
[2.665s] -- Installing: /home/prathmesh2931/dhanush_srv/install/dhanush_srv/share/dhanush_srv/cmake/ament_cmake_export_include_directories-extras.cmake
[2.665s] -- Installing: /home/prathmesh2931/dhanush_srv/install/dhanush_srv/share/dhanush_srv/cmake/ament_cmake_export_libraries-extras.cmake
[2.665s] -- Installing: /home/prathmesh2931/dhanush_srv/install/dhanush_srv/share/dhanush_srv/cmake/ament_cmake_export_targets-extras.cmake
[2.665s] -- Installing: /home/prathmesh2931/dhanush_srv/install/dhanush_srv/share/dhanush_srv/cmake/rosidl_cmake_export_typesupport_targets-extras.cmake
[2.665s] -- Installing: /home/prathmesh2931/dhanush_srv/install/dhanush_srv/share/dhanush_srv/cmake/ament_cmake_export_dependencies-extras.cmake
[2.665s] -- Installing: /home/prathmesh2931/dhanush_srv/install/dhanush_srv/share/dhanush_srv/cmake/rosidl_cmake_export_typesupport_libraries-extras.cmake
[2.665s] -- Installing: /home/prathmesh2931/dhanush_srv/install/dhanush_srv/share/dhanush_srv/cmake/dhanush_srvConfig.cmake
[2.665s] -- Installing: /home/prathmesh2931/dhanush_srv/install/dhanush_srv/share/dhanush_srv/cmake/dhanush_srvConfig-version.cmake
[2.665s] -- Installing: /home/prathmesh2931/dhanush_srv/install/dhanush_srv/share/dhanush_srv/package.xml
[2.668s] Invoked command in '/home/prathmesh2931/dhanush_srv/build/dhanush_srv' returned '0': CMAKE_PREFIX_PATH=${CMAKE_PREFIX_PATH}:/home/prathmesh2931/ey_working/install/ur5_control:/home/prathmesh2931/check_ws/install/ur5_control:/home/prathmesh2931/eyantra_task3/install/ur5_control:/home/prathmesh2931/twin_ws/install/zeus_description:/home/prathmesh2931/twin_ws/install/sim_controller:/home/prathmesh2931/twin_ws/install/shooting_set_description:/opt/ros/humble /usr/bin/cmake --install /home/prathmesh2931/dhanush_srv/build/dhanush_srv
