[0.010s] Invoking command in '/home/prathmesh2931/dhanush_srv/build/dhanush_srv': CMAKE_PREFIX_PATH=${CMAKE_PREFIX_PATH}:/home/prathmesh2931/ey_working/install/ur5_control:/home/prathmesh2931/check_ws/install/ur5_control:/home/prathmesh2931/eyantra_task3/install/ur5_control:/home/prathmesh2931/twin_ws/install/zeus_description:/home/prathmesh2931/twin_ws/install/sim_controller:/home/prathmesh2931/twin_ws/install/shooting_set_description:/opt/ros/humble /usr/bin/cmake /home/prathmesh2931/dhanush_srv -DCMAKE_INSTALL_PREFIX=/home/prathmesh2931/dhanush_srv/install/dhanush_srv
[0.021s] -- Found ament_cmake: 1.3.11 (/opt/ros/humble/share/ament_cmake/cmake)
[0.143s] -- Found rosidl_default_generators: 1.2.0 (/opt/ros/humble/share/rosidl_default_generators/cmake)
[0.148s] -- Using all available rosidl_typesupport_c: rosidl_typesupport_fastrtps_c;rosidl_typesupport_introspection_c
[0.150s] -- Found rosidl_adapter: 3.1.6 (/opt/ros/humble/share/rosidl_adapter/cmake)
[0.171s] -- Using all available rosidl_typesupport_cpp: rosidl_typesupport_fastrtps_cpp;rosidl_typesupport_introspection_cpp
[0.335s] [31mCMake Error at /opt/ros/humble/share/rosidl_adapter/cmake/rosidl_adapt_interfaces.cmake:59 (message):
[0.335s]   execute_process(/usr/bin/python3 -m rosidl_adapter --package-name
[0.336s]   dhanush_srv --arguments-file
[0.336s]   /home/prathmesh2931/dhanush_srv/build/dhanush_srv/rosidl_adapter__arguments__dhanush_srv.json
[0.336s]   --output-dir
[0.336s]   /home/prathmesh2931/dhanush_srv/build/dhanush_srv/rosidl_adapter/dhanush_srv
[0.336s]   --output-file
[0.336s]   /home/prathmesh2931/dhanush_srv/build/dhanush_srv/rosidl_adapter/dhanush_srv.idls)
[0.336s]   returned error code 1:
[0.336s] 
[0.336s]   Traceback (most recent call last):
[0.336s] 
[0.336s]     File "/usr/lib/python3.10/runpy.py", line 196, in _run_module_as_main
[0.336s]       return _run_code(code, main_globals, None,
[0.337s]     File "/usr/lib/python3.10/runpy.py", line 86, in _run_code
[0.337s]       exec(code, run_globals)
[0.337s]     File "/opt/ros/humble/local/lib/python3.10/dist-packages/rosidl_adapter/__main__.py", line 19, in <module>
[0.337s]       sys.exit(main())
[0.337s]     File "/opt/ros/humble/local/lib/python3.10/dist-packages/rosidl_adapter/main.py", line 53, in main
[0.337s]       abs_idl_file = convert_to_idl(
[0.337s]     File "/opt/ros/humble/local/lib/python3.10/dist-packages/rosidl_adapter/__init__.py", line 24, in convert_to_idl
[0.337s]       return convert_srv_to_idl(
[0.337s]     File "/opt/ros/humble/local/lib/python3.10/dist-packages/rosidl_adapter/srv/__init__.py", line 28, in convert_srv_to_idl
[0.337s]       srv = parse_service_string(package_name, input_file.stem, content)
[0.337s]     File "/opt/ros/humble/local/lib/python3.10/dist-packages/rosidl_adapter/parser.py", line 859, in parse_service_string
[0.337s]       request_message = parse_message_string(
[0.338s]     File "/opt/ros/humble/local/lib/python3.10/dist-packages/rosidl_adapter/parser.py", line 544, in parse_message_string
[0.338s]       msg = MessageSpecification(pkg_name, msg_name, fields, constants)
[0.338s]     File "/opt/ros/humble/local/lib/python3.10/dist-packages/rosidl_adapter/parser.py", line 388, in __init__
[0.338s]       self.base_type = BaseType(
[0.338s]     File "/opt/ros/humble/local/lib/python3.10/dist-packages/rosidl_adapter/parser.py", line 205, in __init__
[0.338s]       raise InvalidResourceName(
[0.338s] 
[0.338s]   rosidl_adapter.parser.InvalidResourceName: 'speedangle_Request' is an
[0.338s]   invalid message name.  It should have the pattern '^[A-Z][A-Za-z0-9]*$'
[0.338s] 
[0.338s] Call Stack (most recent call first):
[0.338s]   /opt/ros/humble/share/rosidl_cmake/cmake/rosidl_generate_interfaces.cmake:130 (rosidl_adapt_interfaces)
[0.338s]   CMakeLists.txt:17 (rosidl_generate_interfaces)
[0.339s] 
[0.339s] [0m
[0.339s] -- Configuring incomplete, errors occurred!
[0.339s] See also "/home/prathmesh2931/dhanush_srv/build/dhanush_srv/CMakeFiles/CMakeOutput.log".
[0.340s] Invoked command in '/home/prathmesh2931/dhanush_srv/build/dhanush_srv' returned '1': CMAKE_PREFIX_PATH=${CMAKE_PREFIX_PATH}:/home/prathmesh2931/ey_working/install/ur5_control:/home/prathmesh2931/check_ws/install/ur5_control:/home/prathmesh2931/eyantra_task3/install/ur5_control:/home/prathmesh2931/twin_ws/install/zeus_description:/home/prathmesh2931/twin_ws/install/sim_controller:/home/prathmesh2931/twin_ws/install/shooting_set_description:/opt/ros/humble /usr/bin/cmake /home/prathmesh2931/dhanush_srv -DCMAKE_INSTALL_PREFIX=/home/prathmesh2931/dhanush_srv/install/dhanush_srv
