[0.076s] DEBUG:colcon:Command line arguments: ['/usr/bin/colcon', 'build']
[0.076s] DEBUG:colcon:Parsed command line arguments: Namespace(log_base=None, log_level=None, verb_name='build', build_base='build', install_base='install', merge_install=False, symlink_install=False, test_result_base=None, continue_on_error=False, executor='parallel', parallel_workers=12, event_handlers=None, ignore_user_meta=False, metas=['./colcon.meta'], base_paths=['.'], packages_ignore=None, packages_ignore_regex=None, paths=None, packages_up_to=None, packages_up_to_regex=None, packages_above=None, packages_above_and_dependencies=None, packages_above_depth=None, packages_select_by_dep=None, packages_skip_by_dep=None, packages_skip_up_to=None, packages_select_build_failed=False, packages_skip_build_finished=False, packages_select_test_failures=False, packages_skip_test_passed=False, packages_select=None, packages_skip=None, packages_select_regex=None, packages_skip_regex=None, packages_start=None, packages_end=None, allow_overriding=[], cmake_args=None, cmake_target=None, cmake_target_skip_unavailable=False, cmake_clean_cache=False, cmake_clean_first=False, cmake_force_configure=False, ament_cmake_args=None, catkin_cmake_args=None, catkin_skip_building_tests=False, verb_parser=<colcon_defaults.argument_parser.defaults.DefaultArgumentsDecorator object at 0x7ff972581300>, verb_extension=<colcon_core.verb.build.BuildVerb object at 0x7ff972580d30>, main=<bound method BuildVerb.main of <colcon_core.verb.build.BuildVerb object at 0x7ff972580d30>>)
[0.216s] Level 1:colcon.colcon_core.package_discovery:discover_packages(colcon_meta) check parameters
[0.216s] Level 1:colcon.colcon_core.package_discovery:discover_packages(recursive) check parameters
[0.216s] Level 1:colcon.colcon_core.package_discovery:discover_packages(ignore) check parameters
[0.216s] Level 1:colcon.colcon_core.package_discovery:discover_packages(path) check parameters
[0.216s] Level 1:colcon.colcon_core.package_discovery:discover_packages(colcon_meta) discover
[0.216s] Level 1:colcon.colcon_core.package_discovery:discover_packages(recursive) discover
[0.216s] INFO:colcon.colcon_core.package_discovery:Crawling recursively for packages in '/home/prathmesh2931/dhanush_srv'
[0.216s] Level 1:colcon.colcon_core.package_identification:_identify(.) by extensions ['ignore', 'ignore_ament_install']
[0.216s] Level 1:colcon.colcon_core.package_identification:_identify(.) by extension 'ignore'
[0.217s] Level 1:colcon.colcon_core.package_identification:_identify(.) by extension 'ignore_ament_install'
[0.217s] Level 1:colcon.colcon_core.package_identification:_identify(.) by extensions ['colcon_pkg']
[0.217s] Level 1:colcon.colcon_core.package_identification:_identify(.) by extension 'colcon_pkg'
[0.217s] Level 1:colcon.colcon_core.package_identification:_identify(.) by extensions ['colcon_meta']
[0.217s] Level 1:colcon.colcon_core.package_identification:_identify(.) by extension 'colcon_meta'
[0.217s] Level 1:colcon.colcon_core.package_identification:_identify(.) by extensions ['ros']
[0.217s] Level 1:colcon.colcon_core.package_identification:_identify(.) by extension 'ros'
[0.226s] DEBUG:colcon.colcon_core.package_identification:Package '.' with type 'ros.ament_cmake' and name 'dhanush_srv'
[0.226s] Level 1:colcon.colcon_core.package_discovery:discover_packages(recursive) using defaults
[0.226s] Level 1:colcon.colcon_core.package_discovery:discover_packages(ignore) discover
[0.226s] Level 1:colcon.colcon_core.package_discovery:discover_packages(ignore) using defaults
[0.226s] Level 1:colcon.colcon_core.package_discovery:discover_packages(path) discover
[0.226s] Level 1:colcon.colcon_core.package_discovery:discover_packages(path) using defaults
[0.241s] Level 1:colcon.colcon_core.package_discovery:discover_packages(prefix_path) check parameters
[0.241s] Level 1:colcon.colcon_core.package_discovery:discover_packages(prefix_path) discover
[0.242s] DEBUG:colcon.colcon_installed_package_information.package_discovery:Found 1 installed packages in /home/prathmesh2931/testbot_sim/install
[0.243s] DEBUG:colcon.colcon_installed_package_information.package_discovery:Found 13 installed packages in /home/prathmesh2931/ey_working/install
[0.243s] DEBUG:colcon.colcon_installed_package_information.package_discovery:Found 13 installed packages in /home/prathmesh2931/check_ws/install
[0.244s] DEBUG:colcon.colcon_installed_package_information.package_discovery:Found 13 installed packages in /home/prathmesh2931/eyantra_task3/install
[0.245s] DEBUG:colcon.colcon_installed_package_information.package_discovery:Found 4 installed packages in /home/prathmesh2931/twin_ws/install
[0.246s] DEBUG:colcon.colcon_installed_package_information.package_discovery:Found 508 installed packages in /opt/ros/humble
[0.248s] Level 1:colcon.colcon_core.package_discovery:discover_packages(prefix_path) using defaults
[0.282s] Level 5:colcon.colcon_core.verb:set package 'dhanush_srv' build argument 'cmake_args' from command line to 'None'
[0.282s] Level 5:colcon.colcon_core.verb:set package 'dhanush_srv' build argument 'cmake_target' from command line to 'None'
[0.282s] Level 5:colcon.colcon_core.verb:set package 'dhanush_srv' build argument 'cmake_target_skip_unavailable' from command line to 'False'
[0.282s] Level 5:colcon.colcon_core.verb:set package 'dhanush_srv' build argument 'cmake_clean_cache' from command line to 'False'
[0.282s] Level 5:colcon.colcon_core.verb:set package 'dhanush_srv' build argument 'cmake_clean_first' from command line to 'False'
[0.282s] Level 5:colcon.colcon_core.verb:set package 'dhanush_srv' build argument 'cmake_force_configure' from command line to 'False'
[0.282s] Level 5:colcon.colcon_core.verb:set package 'dhanush_srv' build argument 'ament_cmake_args' from command line to 'None'
[0.282s] Level 5:colcon.colcon_core.verb:set package 'dhanush_srv' build argument 'catkin_cmake_args' from command line to 'None'
[0.282s] Level 5:colcon.colcon_core.verb:set package 'dhanush_srv' build argument 'catkin_skip_building_tests' from command line to 'False'
[0.282s] DEBUG:colcon.colcon_core.verb:Building package 'dhanush_srv' with the following arguments: {'ament_cmake_args': None, 'build_base': '/home/prathmesh2931/dhanush_srv/build/dhanush_srv', 'catkin_cmake_args': None, 'catkin_skip_building_tests': False, 'cmake_args': None, 'cmake_clean_cache': False, 'cmake_clean_first': False, 'cmake_force_configure': False, 'cmake_target': None, 'cmake_target_skip_unavailable': False, 'install_base': '/home/prathmesh2931/dhanush_srv/install/dhanush_srv', 'merge_install': False, 'path': '/home/prathmesh2931/dhanush_srv', 'symlink_install': False, 'test_result_base': None}
[0.282s] INFO:colcon.colcon_core.executor:Executing jobs using 'parallel' executor
[0.283s] DEBUG:colcon.colcon_parallel_executor.executor.parallel:run_until_complete
[0.283s] INFO:colcon.colcon_ros.task.ament_cmake.build:Building ROS package in '/home/prathmesh2931/dhanush_srv' with build type 'ament_cmake'
[0.283s] INFO:colcon.colcon_cmake.task.cmake.build:Building CMake package in '/home/prathmesh2931/dhanush_srv'
[0.285s] INFO:colcon.colcon_core.plugin_system:Skipping extension 'colcon_core.shell.bat': Not used on non-Windows systems
[0.285s] INFO:colcon.colcon_core.shell:Skip shell extension 'powershell' for command environment: Not usable outside of PowerShell
[0.285s] DEBUG:colcon.colcon_core.shell:Skip shell extension 'dsv' for command environment
[0.295s] DEBUG:colcon.colcon_core.event_handler.log_command:Invoking command in '/home/prathmesh2931/dhanush_srv/build/dhanush_srv': CMAKE_PREFIX_PATH=${CMAKE_PREFIX_PATH}:/home/prathmesh2931/ey_working/install/ur5_control:/home/prathmesh2931/check_ws/install/ur5_control:/home/prathmesh2931/eyantra_task3/install/ur5_control:/home/prathmesh2931/twin_ws/install/zeus_description:/home/prathmesh2931/twin_ws/install/sim_controller:/home/prathmesh2931/twin_ws/install/shooting_set_description:/opt/ros/humble /usr/bin/cmake /home/prathmesh2931/dhanush_srv -DCMAKE_INSTALL_PREFIX=/home/prathmesh2931/dhanush_srv/install/dhanush_srv
[0.484s] DEBUG:colcon.colcon_core.event_handler.log_command:Invoked command in '/home/prathmesh2931/dhanush_srv/build/dhanush_srv' returned '1': CMAKE_PREFIX_PATH=${CMAKE_PREFIX_PATH}:/home/prathmesh2931/ey_working/install/ur5_control:/home/prathmesh2931/check_ws/install/ur5_control:/home/prathmesh2931/eyantra_task3/install/ur5_control:/home/prathmesh2931/twin_ws/install/zeus_description:/home/prathmesh2931/twin_ws/install/sim_controller:/home/prathmesh2931/twin_ws/install/shooting_set_description:/opt/ros/humble /usr/bin/cmake /home/prathmesh2931/dhanush_srv -DCMAKE_INSTALL_PREFIX=/home/prathmesh2931/dhanush_srv/install/dhanush_srv
[0.496s] Level 1:colcon.colcon_core.environment:create_environment_scripts_only(dhanush_srv)
[0.498s] Level 1:colcon.colcon_core.environment:checking '/home/prathmesh2931/dhanush_srv/install/dhanush_srv' for CMake module files
[0.498s] Level 1:colcon.colcon_core.environment:checking '/home/prathmesh2931/dhanush_srv/install/dhanush_srv' for CMake config files
[0.499s] Level 1:colcon.colcon_core.environment:checking '/home/prathmesh2931/dhanush_srv/install/dhanush_srv/bin'
[0.499s] Level 1:colcon.colcon_core.environment:checking '/home/prathmesh2931/dhanush_srv/install/dhanush_srv/lib/pkgconfig/dhanush_srv.pc'
[0.499s] Level 1:colcon.colcon_core.environment:checking '/home/prathmesh2931/dhanush_srv/install/dhanush_srv/lib/python3.10/site-packages'
[0.499s] Level 1:colcon.colcon_core.environment:checking '/home/prathmesh2931/dhanush_srv/install/dhanush_srv/bin'
[0.499s] INFO:colcon.colcon_core.shell:Creating package script '/home/prathmesh2931/dhanush_srv/install/dhanush_srv/share/dhanush_srv/package.ps1'
[0.500s] INFO:colcon.colcon_core.shell:Creating package descriptor '/home/prathmesh2931/dhanush_srv/install/dhanush_srv/share/dhanush_srv/package.dsv'
[0.500s] INFO:colcon.colcon_core.shell:Creating package script '/home/prathmesh2931/dhanush_srv/install/dhanush_srv/share/dhanush_srv/package.sh'
[0.500s] INFO:colcon.colcon_core.shell:Creating package script '/home/prathmesh2931/dhanush_srv/install/dhanush_srv/share/dhanush_srv/package.bash'
[0.501s] INFO:colcon.colcon_core.shell:Creating package script '/home/prathmesh2931/dhanush_srv/install/dhanush_srv/share/dhanush_srv/package.zsh'
[0.501s] Level 1:colcon.colcon_core.environment:create_file_with_runtime_dependencies(/home/prathmesh2931/dhanush_srv/install/dhanush_srv/share/colcon-core/packages/dhanush_srv)
[0.512s] DEBUG:colcon.colcon_parallel_executor.executor.parallel:closing loop
[0.512s] DEBUG:colcon.colcon_parallel_executor.executor.parallel:loop closed
[0.512s] DEBUG:colcon.colcon_parallel_executor.executor.parallel:run_until_complete finished with '1'
[0.512s] DEBUG:colcon.colcon_core.event_reactor:joining thread
[0.521s] INFO:colcon.colcon_core.plugin_system:Skipping extension 'colcon_notification.desktop_notification.terminal_notifier': Not used on non-Darwin systems
[0.521s] INFO:colcon.colcon_core.plugin_system:Skipping extension 'colcon_notification.desktop_notification.win32': Not used on non-Windows systems
[0.521s] INFO:colcon.colcon_notification.desktop_notification:Sending desktop notification using 'notify2'
[0.534s] DEBUG:colcon.colcon_core.event_reactor:joined thread
[0.534s] INFO:colcon.colcon_core.shell:Creating prefix script '/home/prathmesh2931/dhanush_srv/install/local_setup.ps1'
[0.535s] INFO:colcon.colcon_core.shell:Creating prefix util module '/home/prathmesh2931/dhanush_srv/install/_local_setup_util_ps1.py'
[0.536s] INFO:colcon.colcon_core.shell:Creating prefix chain script '/home/prathmesh2931/dhanush_srv/install/setup.ps1'
[0.538s] INFO:colcon.colcon_core.shell:Creating prefix script '/home/prathmesh2931/dhanush_srv/install/local_setup.sh'
[0.539s] INFO:colcon.colcon_core.shell:Creating prefix util module '/home/prathmesh2931/dhanush_srv/install/_local_setup_util_sh.py'
[0.539s] INFO:colcon.colcon_core.shell:Creating prefix chain script '/home/prathmesh2931/dhanush_srv/install/setup.sh'
[0.541s] INFO:colcon.colcon_core.shell:Creating prefix script '/home/prathmesh2931/dhanush_srv/install/local_setup.bash'
[0.541s] INFO:colcon.colcon_core.shell:Creating prefix chain script '/home/prathmesh2931/dhanush_srv/install/setup.bash'
[0.542s] INFO:colcon.colcon_core.shell:Creating prefix script '/home/prathmesh2931/dhanush_srv/install/local_setup.zsh'
[0.543s] INFO:colcon.colcon_core.shell:Creating prefix chain script '/home/prathmesh2931/dhanush_srv/install/setup.zsh'
